<?xml version="1.0" encoding="utf-8"?><testsuites name="pytest tests"><testsuite name="pytest" errors="0" failures="0" skipped="8" tests="3245" time="644.237" timestamp="2026-08-20T02:55:18.309272+01:00" hostname="dennis-chan-A7-Max"><testcase classname="tests.test_aggressor" name="test_price_above_ask_is_buy" time="0.000" /><testcase classname="tests.test_aggressor" name="test_price_equal_ask_is_buy" time="0.000" /><testcase classname="tests.test_aggressor" name="test_price_below_bid_is_sell" time="0.000" /><testcase classname="tests.test_aggressor" name="test_price_equal_bid_is_sell" time="0.000" /><testcase classname="tests.test_aggressor" name="test_quote_rule_takes_precedence_over_tick_test" time="0.000" /><testcase classname="tests.test_aggressor" name="test_no_quote_uptick_is_buy" time="0.000" /><testcase classname="tests.test_aggressor" name="test_no_quote_downtick_is_sell" time="0.000" /><testcase classname="tests.test_aggressor" name="test_no_quote_zero_tick_carries_last_nonzero_direction" time="0.000" /><testcase classname="tests.test_aggressor" name="test_strictly_mid_spread_uptick_is_buy" time="0.000" /><testcase classname="tests.test_aggressor" name="test_strictly_mid_spread_downtick_is_sell" time="0.000" /><testcase classname="tests.test_aggressor" name="test_strictly_mid_spread_zero_tick_carries_direction" time="0.000" /><testcase classname="tests.test_aggressor" name="test_no_quote_and_no_prior_trade_is_unknown" time="0.000" /><testcase classname="tests.test_aggressor" name="test_mid_spread_with_no_prior_trade_is_unknown" time="0.000" /><testcase classname="tests.test_aggressor" name="test_zero_tick_before_any_direction_is_unknown" time="0.000" /><testcase classname="tests.test_api" name="test_summary_reexposes_state" time="0.004" /><testcase classname="tests.test_api" name="test_summary_headline_features_match_features_endpoint" time="0.004" /><testcase classname="tests.test_api" name="test_stream_payload_matches_canonical_reads" time="0.004" /><testcase classname="tests.test_api" name="test_spread_is_ask_minus_bid" time="0.004" /><testcase classname="tests.test_api" name="test_delivery_lag_seconds_served_on_summary_and_stream_single_source" time="0.004" /><testcase classname="tests.test_api" name="test_data_feed_basis_served_on_summary_and_stream_single_source" time="0.004" /><testcase classname="tests.test_api" name="test_data_feed_basis_reflects_scenario_prefix_via_config" time="0.004" /><testcase classname="tests.test_api" name="test_absorption_views_agree_single_source" time="0.004" /><testcase classname="tests.test_api" name="test_chop_views_agree_single_source" time="0.007" /><testcase classname="tests.test_api" name="test_unknown_ticker_post_is_rejected_and_not_fabricated" time="0.037" /><testcase classname="tests.test_api" name="test_read_of_not_watched_ticker_returns_404" time="0.001" /><testcase classname="tests.test_api" name="test_watch_sim_buyer_resolves_and_views_agree" time="3.384" /><testcase classname="tests.test_api" name="test_watch_sim_chop_reads_unclear_over_feeder" time="3.384" /><testcase classname="tests.test_api" name="test_delete_watch_stops_then_reads_404_and_rewatch_is_fresh" time="0.014" /><testcase classname="tests.test_api" name="test_delete_not_watched_ticker_returns_404" time="0.001" /><testcase classname="tests.test_backtests" name="test_strategy_v1_definition_is_config_owned_and_complete" time="0.000" /><testcase classname="tests.test_backtests" name="test_unknown_strategy_id_has_no_definition" time="0.000" /><testcase classname="tests.test_backtests" name="test_strategy_definition_reads_config_not_literals" time="0.000" /><testcase classname="tests.test_backtests" name="test_runner_reads_horizon_from_config_not_literal" time="0.643" /><testcase classname="tests.test_backtests" name="test_structure_tape_definition_is_config_owned_and_additive_beside_v1" time="0.000" /><testcase classname="tests.test_backtests" name="test_strategy_registry_lists_v1_structure_tape_then_structure_tape_map_in_registration_order" time="0.000" /><testcase classname="tests.test_backtests" name="test_structure_tape_map_definition_is_config_owned_and_identical_to_structure_tape_except_id" time="0.000" /><testcase classname="tests.test_backtests" name="test_default_fingerprint_still_pinned_after_registering_structure_tape_map" time="0.000" /><testcase classname="tests.test_backtests" name="test_structure_tape_breakthrough_long_arms_at_the_class_a_resistance_level" time="0.064" /><testcase classname="tests.test_backtests" name="test_structure_tape_breakthrough_short_arms_at_the_class_a_support_level" time="0.065" /><testcase classname="tests.test_backtests" name="test_structure_tape_rejection_long_arms_at_the_class_a_support_level" time="0.064" /><testcase classname="tests.test_backtests" name="test_structure_tape_rejection_short_arms_at_the_class_a_resistance_level" time="0.064" /><testcase classname="tests.test_backtests" name="test_structure_tape_no_arm_when_symbol_has_no_classified_levels" time="0.062" /><testcase classname="tests.test_backtests" name="test_structure_tape_no_arm_when_tape_state_is_unconfirmed" time="0.105" /><testcase classname="tests.test_backtests" name="test_structure_tape_no_arm_before_the_defining_bars_are_visible_no_lookahead" time="0.195" /><testcase classname="tests.test_backtests" name="test_structure_tape_identical_request_rerun_is_byte_identical" time="0.109" /><testcase classname="tests.test_backtests" name="test_structure_tape_class_b_stop_is_wider_and_size_smaller_than_class_a" time="0.066" /><testcase classname="tests.test_backtests" name="test_structure_tape_class_c_widest_stop_smallest_size_and_reward_target_capped_by_next_opposing_level" time="0.074" /><testcase classname="tests.test_backtests" name="test_structure_tape_reward_target_exit_fires_lookahead_free" time="0.080" /><testcase classname="tests.test_backtests" name="test_structure_tape_class_scaling_parameters_are_config_sourced_no_magic_numbers" time="0.000" /><testcase classname="tests.test_backtests" name="test_structure_tape_sub_minimum_n_and_zero_trade_class_are_never_fabricated" time="0.099" /><testcase classname="tests.test_backtests" name="test_v1_backtest_carries_an_honest_all_empty_per_class_breakdown" time="0.090" /><testcase classname="tests.test_backtests" name="test_structure_tape_map_breakthrough_short_arms_at_the_class_b_support_band" time="0.070" /><testcase classname="tests.test_backtests" name="test_structure_tape_map_rejection_long_arms_at_the_class_b_support_band" time="0.064" /><testcase classname="tests.test_backtests" name="test_structure_tape_map_side_aware_reading_never_arms_on_the_wrong_side_band" time="0.101" /><testcase classname="tests.test_backtests" name="test_structure_tape_map_skips_an_unclassified_band_even_when_price_and_state_qualify" time="0.003" /><testcase classname="tests.test_backtests" name="test_structure_tape_map_no_arm_when_symbol_has_no_recorded_bands" time="0.057" /><testcase classname="tests.test_backtests" name="test_structure_tape_map_identical_request_rerun_is_byte_identical" time="0.079" /><testcase classname="tests.test_backtests" name="test_structure_tape_map_reads_tradability_never_recomputes_levels_or_zones" time="0.001" /><testcase classname="tests.test_backtests" name="test_v1_and_structure_tape_byte_identical_after_structure_tape_map_added" time="0.659" /><testcase classname="tests.test_backtests" name="test_sim_buyer_arms_one_trend_continuation_long_with_horizon_exit" time="0.637" /><testcase classname="tests.test_backtests" name="test_truncated_stream_open_trade_exits_dataset_end" time="0.072" /><testcase classname="tests.test_backtests" name="test_shift_stream_hits_the_r_stop" time="0.103" /><testcase classname="tests.test_backtests" name="test_flip_stream_exits_on_state_flip_and_then_arms_the_short" time="0.592" /><testcase classname="tests.test_backtests" name="test_reversal_covers_absorption_arming_horizon_and_dataset_end" time="0.089" /><testcase classname="tests.test_backtests" name="test_fill_honesty_exact_arithmetic_on_the_calibrated_trade" time="0.674" /><testcase classname="tests.test_backtests" name="test_every_trade_row_setup_and_null_satisfies_the_same_arithmetic" time="0.092" /><testcase classname="tests.test_backtests" name="test_aggregates_recompute_exactly_from_the_trade_rows" time="0.091" /><testcase classname="tests.test_backtests" name="test_zero_arm_window_yields_honest_n0_report_beside_its_null_baseline" time="0.107" /><testcase classname="tests.test_backtests" name="test_committed_fixture_pair_backtests_keyless_end_to_end" time="0.163" /><testcase classname="tests.test_backtests" name="test_identical_request_rerun_is_byte_identical_on_the_result_payload" time="0.127" /><testcase classname="tests.test_backtests" name="test_null_baseline_seed_is_recorded_and_reproduces_exactly" time="1.727" /><testcase classname="tests.test_backtests" name="test_report_carries_register_and_full_provenance" time="0.701" /><testcase classname="tests.test_backtests" name="test_create_persists_queued_with_identity_stamps" time="0.050" /><testcase classname="tests.test_backtests" name="test_cancel_before_run_yields_cancelled_without_a_result" time="0.053" /><testcase classname="tests.test_backtests" name="test_corrupt_dataset_yields_explicit_failed_with_the_integrity_error" time="0.062" /><testcase classname="tests.test_backtests" name="test_unknown_dataset_at_run_yields_explicit_failed" time="0.056" /><testcase classname="tests.test_backtests" name="test_done_report_has_no_progress_residue_and_survives_store_reload" time="0.079" /><testcase classname="tests.test_backtests" name="test_new_strategy_and_backtest_knobs_move_the_fingerprint" time="0.001" /><testcase classname="tests.test_backtests" name="test_backtest_list_max_is_serving_only_excluded_from_fingerprint" time="0.000" /><testcase classname="tests.test_backtests" name="test_a_real_threshold_still_changes_the_fingerprint" time="0.000" /><testcase classname="tests.test_backtests" name="test_structure_tape_fields_are_serving_only_excluded_from_fingerprint" time="0.002" /><testcase classname="tests.test_backtests" name="test_default_fingerprint_still_pinned_with_the_new_structure_tape_fields_present" time="0.000" /><testcase classname="tests.test_backtests" name="test_runner_consumes_the_shared_r_helper_and_the_public_dataset_api" time="0.000" /><testcase classname="tests.test_backtests" name="test_structure_tape_reads_levels_from_the_one_canonical_compute_levels_owner" time="0.000" /><testcase classname="tests.test_backtests" name="test_structure_tape_memoized_run_is_byte_identical_to_the_direct_call_path" time="0.107" /><testcase classname="tests.test_backtests" name="test_structure_tape_map_memoized_run_is_byte_identical_to_the_direct_call_path" time="0.081" /><testcase classname="tests.test_backtests" name="test_structure_tape_memo_bust_daily_period_close_between_intraday_bars" time="0.131" /><testcase classname="tests.test_backtests" name="test_structure_tape_map_memo_bust_utc_date_boundary" time="0.151" /><testcase classname="tests.test_backtests" name="test_structure_tape_memo_calls_compute_levels_once_per_change_point_interval_not_per_tick" time="0.545" /><testcase classname="tests.test_backtests" name="test_structure_tape_map_memo_calls_compute_tradability_once_per_day_key_not_per_tick" time="0.070" /><testcase classname="tests.test_backtests" name="test_structure_tape_multi_interval_backtest_completes_fast_with_a_real_trade" time="0.573" /><testcase classname="tests.test_backtests" name="test_reuse_replay_path_persists_byte_identical_reports" time="2.821" /><testcase classname="tests.test_backtests" name="test_reuse_replay_path_one_slot_evicts_on_dataset_change" time="0.767" /><testcase classname="tests.test_backtests" name="test_reuse_replay_path_defaults_off_and_plain_manager_never_caches" time="0.636" /><testcase classname="tests.test_backtests" name="test_edge_report_compute_paths_enable_replay_reuse" time="0.004" /><testcase classname="tests.test_backtests_api" name="test_create_runs_to_done_with_the_full_provenanced_report" time="1.006" /><testcase classname="tests.test_backtests_api" name="test_detail_serves_the_persisted_payload_verbatim" time="0.221" /><testcase classname="tests.test_backtests_api" name="test_list_returns_created_backtests_most_recent_first" time="0.226" /><testcase classname="tests.test_backtests_api" name="test_identical_request_rerun_is_byte_identical_over_the_api" time="0.364" /><testcase classname="tests.test_backtests_api" name="test_unknown_dataset_id_is_404" time="0.054" /><testcase classname="tests.test_backtests_api" name="test_unknown_strategy_id_is_422" time="0.091" /><testcase classname="tests.test_backtests_api" name="test_unregistered_profile_is_422" time="0.094" /><testcase classname="tests.test_backtests_api" name="test_registered_candidate_profile_is_accepted_and_runs_to_done" time="0.220" /><testcase classname="tests.test_backtests_api" name="test_malformed_body_is_422" time="0.048" /><testcase classname="tests.test_backtests_api" name="test_unknown_backtest_id_detail_is_404" time="0.043" /><testcase classname="tests.test_backtests_api" name="test_cancel_unknown_id_is_404" time="0.043" /><testcase classname="tests.test_backtests_api" name="test_cancel_terminal_backtest_is_409" time="0.225" /><testcase classname="tests.test_backtests_api" name="test_cancel_mid_run_resolves_to_cancelled_without_a_result" time="0.455" /><testcase classname="tests.test_bar_index" name="test_insert_then_lookup_is_a_hit" time="0.015" /><testcase classname="tests.test_bar_index" name="test_lookup_before_any_insert_is_a_miss" time="0.013" /><testcase classname="tests.test_bar_index" name="test_lookup_on_a_different_symbol_timeframe_or_window_is_a_miss" time="0.017" /><testcase classname="tests.test_bar_index" name="test_lookup_matches_the_raw_iso_string_not_the_parsed_epoch" time="0.016" /><testcase classname="tests.test_bar_index" name="test_insert_is_idempotent_and_overwrites_the_same_key" time="0.018" /><testcase classname="tests.test_bar_index" name="test_list_filters_independently_by_symbol_and_timeframe" time="0.021" /><testcase classname="tests.test_bar_index" name="test_reindex_populates_from_bar_store_list" time="0.017" /><testcase classname="tests.test_bar_index" name="test_reindex_skips_corrupt_files_reported_in_bar_store_errors" time="0.017" /><testcase classname="tests.test_bar_index" name="test_reindex_drops_stale_entries_not_reproduced_by_the_current_store" time="0.017" /><testcase classname="tests.test_bar_index" name="test_reindex_after_deleting_the_db_file_reproduces_identical_lookups" time="0.033" /><testcase classname="tests.test_bar_index" name="test_bar_index_hit_still_has_exactly_its_original_three_fields" time="0.001" /><testcase classname="tests.test_bar_index" name="test_coverage_on_an_empty_index_is_false_and_none" time="0.013" /><testcase classname="tests.test_bar_index" name="test_coverage_after_insert_is_true_and_the_recorded_window_end" time="0.017" /><testcase classname="tests.test_bar_index" name="test_coverage_reports_the_max_window_end_across_multiple_recordings" time="0.018" /><testcase classname="tests.test_bar_index" name="test_coverage_reads_the_raw_iso_string_not_a_parsed_epoch" time="0.025" /><testcase classname="tests.test_bar_index" name="test_covers_date_on_an_empty_index_is_false" time="0.014" /><testcase classname="tests.test_bar_index" name="test_covers_date_is_inclusive_of_both_window_bounds" time="0.018" /><testcase classname="tests.test_bar_index" name="test_covers_date_compares_calendar_days_across_both_stored_window_shapes" time="0.018" /><testcase classname="tests.test_bar_index" name="test_covers_date_is_true_when_any_one_recording_covers_the_day" time="0.022" /><testcase classname="tests.test_bar_scan_memos" name="test_an_in_place_edit_is_caught_even_with_both_memos_warm" time="0.014" /><testcase classname="tests.test_bar_scan_memos" name="test_an_unrelated_pair_is_unaffected_by_another_pairs_corruption" time="0.014" /><testcase classname="tests.test_bar_scan_memos" name="test_a_newly_recorded_series_is_visible_immediately" time="0.014" /><testcase classname="tests.test_bar_scan_memos" name="test_a_series_recorded_by_another_process_is_visible" time="0.015" /><testcase classname="tests.test_bar_scan_memos" name="test_a_removed_file_disappears_from_both_reads" time="0.014" /><testcase classname="tests.test_bar_store_projection_guard" name="test_metadata_only_reader_asks_for_the_cheap_projection[bars.py-record-compares only meta['checksum'] for the duplicate scan]" time="0.007" /><testcase classname="tests.test_bar_store_projection_guard" name="test_metadata_only_reader_asks_for_the_cheap_projection[tradability.py-_select_daily_series-enumerates symbol/timeframe; bars come from merged_bars]" time="0.083" /><testcase classname="tests.test_bar_store_projection_guard" name="test_metadata_only_reader_asks_for_the_cheap_projection[levels.py-compute_levels-enumerates symbol/timeframe via _timeframes_for]" time="0.010" /><testcase classname="tests.test_bar_store_projection_guard" name="test_metadata_only_reader_asks_for_the_cheap_projection[levels.py-level_change_points-enumerates symbol/timeframe via _timeframes_for]" time="0.005" /><testcase classname="tests.test_bar_store_projection_guard" name="test_metadata_only_reader_asks_for_the_cheap_projection[bar_index.py-reindex-the index stores metadata only]" time="0.001" /><testcase classname="tests.test_bar_store_projection_guard" name="test_the_bounded_view_forwards_the_projection" time="0.000" /><testcase classname="tests.test_bar_verify_cache" name="test_a_second_process_reads_the_same_bytes_without_re_verifying" time="0.019" /><testcase classname="tests.test_bar_verify_cache" name="test_the_merged_fold_is_identical_whether_or_not_the_cache_is_used" time="0.018" /><testcase classname="tests.test_bar_verify_cache" name="test_a_tampered_file_still_fails_loudly_across_a_restart" time="0.019" /><testcase classname="tests.test_bar_verify_cache" name="test_deleting_the_cache_loses_nothing" time="0.032" /><testcase classname="tests.test_bar_verify_cache" name="test_the_cache_holds_metadata_only_never_candles" time="0.018" /><testcase classname="tests.test_bar_verify_cache" name="test_a_store_without_a_cache_path_touches_no_database" time="0.001" /><testcase classname="tests.test_bar_verify_cache" name="test_an_unopenable_cache_degrades_to_full_verification" time="0.001" /><testcase classname="tests.test_bar_verify_cache" name="test_lookup_is_an_exact_stat_match" time="0.014" /><testcase classname="tests.test_bar_verify_cache" name="test_insert_replaces_a_superseded_row" time="0.018" /><testcase classname="tests.test_bars" name="test_record_stores_correct_metadata" time="0.001" /><testcase classname="tests.test_bars" name="test_get_and_list_serve_candles_embedded_verbatim" time="0.001" /><testcase classname="tests.test_bars" name="test_split_series_register_and_survive_a_store_reload" time="0.001" /><testcase classname="tests.test_bars" name="test_rerecording_identical_content_is_refused" time="0.001" /><testcase classname="tests.test_bars" name="test_corrupted_bar_data_surfaces_an_explicit_integrity_error" time="0.001" /><testcase classname="tests.test_bars" name="test_list_surfaces_a_corrupt_file_explicitly_never_hides_it" time="0.001" /><testcase classname="tests.test_bars" name="test_unparseable_file_is_an_explicit_integrity_error" time="0.001" /><testcase classname="tests.test_bars" name="test_unknown_bar_series_id_raises_not_found" time="0.001" /><testcase classname="tests.test_bars" name="test_empty_bar_list_is_an_explicit_refusal" time="0.000" /><testcase classname="tests.test_bars" name="test_record_refuses_a_bar_carrying_a_non_finite_price[nan-open]" time="0.001" /><testcase classname="tests.test_bars" name="test_record_refuses_a_bar_carrying_a_non_finite_price[nan-high]" time="0.001" /><testcase classname="tests.test_bars" name="test_record_refuses_a_bar_carrying_a_non_finite_price[nan-low]" time="0.001" /><testcase classname="tests.test_bars" name="test_record_refuses_a_bar_carrying_a_non_finite_price[nan-close]" time="0.001" /><testcase classname="tests.test_bars" name="test_record_refuses_a_bar_carrying_a_non_finite_price[inf-open]" time="0.001" /><testcase classname="tests.test_bars" name="test_record_refuses_a_bar_carrying_a_non_finite_price[inf-high]" time="0.001" /><testcase classname="tests.test_bars" name="test_record_refuses_a_bar_carrying_a_non_finite_price[inf-low]" time="0.001" /><testcase classname="tests.test_bars" name="test_record_refuses_a_bar_carrying_a_non_finite_price[inf-close]" time="0.001" /><testcase classname="tests.test_bars" name="test_record_refuses_a_bar_carrying_a_non_finite_price[-inf-open]" time="0.001" /><testcase classname="tests.test_bars" name="test_record_refuses_a_bar_carrying_a_non_finite_price[-inf-high]" time="0.030" /><testcase classname="tests.test_bars" name="test_record_refuses_a_bar_carrying_a_non_finite_price[-inf-low]" time="0.001" /><testcase classname="tests.test_bars" name="test_record_refuses_a_bar_carrying_a_non_finite_price[-inf-close]" time="0.001" /><testcase classname="tests.test_bars" name="test_record_refuses_the_whole_series_when_only_one_bar_is_priceless" time="0.001" /><testcase classname="tests.test_bars" name="test_a_planted_priceless_series_still_passes_both_checksums" time="0.001" /><testcase classname="tests.test_bars" name="test_merged_read_excludes_a_recorded_priceless_row_and_reports_it" time="0.001" /><testcase classname="tests.test_bars" name="test_excluding_a_priceless_row_never_touches_the_append_only_file" time="0.001" /><testcase classname="tests.test_bars" name="test_the_merged_fold_stays_memoized_for_a_pair_holding_a_priceless_row" time="0.001" /><testcase classname="tests.test_bars" name="test_committed_fixture_loads_through_the_real_store_path_keyless" time="0.000" /><testcase classname="tests.test_bars" name="test_get_serves_zero_reads_on_a_warm_cache_hit" time="0.001" /><testcase classname="tests.test_bars" name="test_list_serves_zero_reads_across_all_files_on_a_warm_cache_hit" time="0.001" /><testcase classname="tests.test_bars" name="test_get_reverifies_and_raises_after_a_warm_read_is_tampered" time="0.001" /><testcase classname="tests.test_bars" name="test_racy_write_guard_refuses_to_cache_a_freshly_written_bar_series" time="0.001" /><testcase classname="tests.test_bars" name="test_get_and_list_return_row_copies_a_caller_mutation_never_poisons_the_cache" time="0.001" /><testcase classname="tests.test_bars" name="test_bar_store_root_is_a_public_read_only_property" time="0.000" /><testcase classname="tests.test_bars" name="test_reset_helper_clears_the_cache_and_prevents_cross_root_leakage" time="0.001" /><testcase classname="tests.test_bars" name="test_bar_dir_is_excluded_from_config_fingerprint" time="0.001" /><testcase classname="tests.test_bars" name="test_bar_validation_and_throttle_params_are_excluded_from_config_fingerprint" time="0.001" /><testcase classname="tests.test_bars" name="test_bar_dir_env_override_wins" time="0.000" /><testcase classname="tests.test_bars" name="test_bar_fetch_recency_clamp_never_requests_the_embargoed_tail" time="0.000" /><testcase classname="tests.test_bars" name="test_throttle_bar_fetch_spaces_consecutive_calls" time="0.101" /><testcase classname="tests.test_bars" name="test_bar_timeframe_vendor_mapping_covers_every_configured_timeframe" time="0.001" /><testcase classname="tests.test_bars" name="test_every_mapped_timeframe_actually_constructs_against_the_installed_sdk" time="0.048" /><testcase classname="tests.test_bars_api" name="test_post_records_and_registers_a_bar_series" time="0.067" /><testcase classname="tests.test_bars_api" name="test_list_and_detail_serve_the_stored_metadata_verbatim" time="0.077" /><testcase classname="tests.test_bars_api" name="test_unknown_bar_series_id_is_404" time="0.054" /><testcase classname="tests.test_bars_api" name="test_duplicate_window_post_is_served_store_first_no_second_fetch" time="0.085" /><testcase classname="tests.test_bars_api" name="test_store_first_hit_pointing_at_a_corrupted_series_self_heals_via_a_refetch" time="0.082" /><testcase classname="tests.test_bars_api" name="test_symbol_and_timeframe_filter_returns_only_the_matching_series" time="0.084" /><testcase classname="tests.test_bars_api" name="test_no_param_get_is_byte_identical_to_a_direct_store_list_call" time="0.088" /><testcase classname="tests.test_bars_api" name="test_blank_symbol_param_is_byte_identical_to_no_param_even_with_an_unindexed_series" time="0.082" /><testcase classname="tests.test_bars_api" name="test_include_bars_false_omits_candles_and_keeps_every_other_field_identical" time="0.091" /><testcase classname="tests.test_bars_api" name="test_explicit_include_bars_true_is_byte_identical_to_omitting_the_param" time="0.081" /><testcase classname="tests.test_bars_api" name="test_candles_with_no_cursor_serves_the_newest_limit_rows_verbatim" time="0.075" /><testcase classname="tests.test_bars_api" name="test_candles_before_ts_is_inclusive_and_serves_the_last_matching_rows" time="0.082" /><testcase classname="tests.test_bars_api" name="test_candles_after_ts_is_inclusive_and_serves_the_first_matching_rows" time="0.073" /><testcase classname="tests.test_bars_api" name="test_candles_flags_report_the_true_series_edges" time="0.082" /><testcase classname="tests.test_bars_api" name="test_candles_validation_is_explicit_never_a_silent_clamp" time="0.068" /><testcase classname="tests.test_bars_api" name="test_candles_on_a_corrupted_series_is_an_explicit_500_never_partial_rows" time="0.074" /><testcase classname="tests.test_bars_api" name="test_merged_read_folds_every_recording_for_the_symbol_and_timeframe" time="0.089" /><testcase classname="tests.test_bars_api" name="test_merged_read_beats_what_any_single_series_can_serve" time="0.091" /><testcase classname="tests.test_bars_api" name="test_a_timestamp_recorded_twice_resolves_to_the_most_recent_recording_and_is_counted" time="0.089" /><testcase classname="tests.test_bars_api" name="test_merged_cursors_and_flags_match_the_per_series_contract" time="0.086" /><testcase classname="tests.test_bars_api" name="test_merged_read_for_an_unrecorded_symbol_is_an_honest_empty_payload" time="0.083" /><testcase classname="tests.test_bars_api" name="test_merged_read_surfaces_a_corrupted_file_instead_of_merging_it" time="0.102" /><testcase classname="tests.test_bars_api" name="test_merged_read_never_serves_a_null_priced_candle" time="0.086" /><testcase classname="tests.test_bars_api" name="test_merged_read_reflects_a_newly_recorded_series_immediately" time="0.085" /><testcase classname="tests.test_bars_api" name="test_merged_read_validation_is_explicit" time="0.072" /><testcase classname="tests.test_bars_api" name="test_get_bar_index_resolves_to_a_sibling_of_the_bar_dir_by_default" time="0.578" /><testcase classname="tests.test_bars_api" name="test_bad_timeframe_value_is_422" time="0.057" /><testcase classname="tests.test_bars_api" name="test_missing_symbol_is_422" time="0.064" /><testcase classname="tests.test_bars_api" name="test_malformed_iso_window_is_422" time="0.061" /><testcase classname="tests.test_bars_api" name="test_end_before_start_is_422" time="0.063" /><testcase classname="tests.test_bars_api" name="test_start_equal_to_end_is_a_valid_single_day_window" time="0.059" /><testcase classname="tests.test_bars_api" name="test_vendor_window_extends_one_day_past_the_inclusive_end" time="0.085" /><testcase classname="tests.test_bars_api" name="test_end_with_a_time_component_includes_that_whole_utc_day" time="0.070" /><testcase classname="tests.test_bars_api" name="test_empty_fetch_result_is_422_and_writes_nothing" time="0.063" /><testcase classname="tests.test_bars_api" name="test_missing_credentials_is_an_explicit_503" time="0.064" /><testcase classname="tests.test_bars_api" name="test_vendor_timeout_is_504" time="0.059" /><testcase classname="tests.test_bars_api" name="test_corrupted_bar_series_file_surfaces_explicitly_on_detail_and_list" time="0.086" /><testcase classname="tests.test_bars_api" name="test_yahoo_is_the_default_bar_fetch_vendor_with_no_override" time="0.078" /><testcase classname="tests.test_bars_api" name="test_yahoo_default_path_receives_the_inclusive_plus_one_day_end" time="0.069" /><testcase classname="tests.test_bars_api" name="test_bar_fetch_adapter_resolver_defaults_to_yahoo_with_no_override" time="0.051" /><testcase classname="tests.test_bars_api" name="test_yahoo_out_of_retention_or_unknown_symbol_is_422_no_data_for_window" time="0.066" /><testcase classname="tests.test_bars_api" name="test_yahoo_unsupported_timeframe_is_422_with_zero_vendor_calls" time="0.062" /><testcase classname="tests.test_bars_api" name="test_unsupported_timeframe_and_no_data_for_window_are_observably_distinct" time="0.066" /><testcase classname="tests.test_bars_api" name="test_multiple_yahoo_unsupported_timeframes_all_raise_the_same_taxonomy" time="0.067" /><testcase classname="tests.test_bars_api" name="test_a_long_1m_request_is_clamped_to_retention_and_chunked" time="0.067" /><testcase classname="tests.test_bars_api" name="test_a_window_entirely_outside_retention_is_422_naming_the_limit_with_no_vendor_call" time="0.060" /><testcase classname="tests.test_bars_api" name="test_one_empty_chunk_does_not_discard_the_bars_the_other_chunks_returned" time="0.070" /><testcase classname="tests.test_bars_api" name="test_every_chunk_empty_is_still_an_honest_422" time="0.065" /><testcase classname="tests.test_bars_api" name="test_5m_and_1h_are_clamped_to_their_own_limits" time="0.081" /><testcase classname="tests.test_bars_api" name="test_a_fully_served_window_records_no_vendor_limit_and_honest_coverage" time="0.070" /><testcase classname="tests.test_bars_api" name="test_a_clamped_window_is_served_store_first_within_the_same_day" time="0.082" /><testcase classname="tests.test_bars_api" name="test_a_clamped_recording_from_an_earlier_day_is_eligible_for_a_refetch" time="0.000" /><testcase classname="tests.test_bars_api" name="test_vendor_alpaca_selects_the_alpaca_adapter_and_never_calls_yahoo" time="0.058" /><testcase classname="tests.test_bars_api" name="test_the_same_window_from_two_vendors_is_two_distinct_store_first_entries" time="0.044" /><testcase classname="tests.test_chunked_fetch" name="test_short_window_is_a_single_range" time="0.002" /><testcase classname="tests.test_chunked_fetch" name="test_long_window_splits_into_expected_bounded_sub_windows" time="0.000" /><testcase classname="tests.test_chunked_fetch" name="test_non_datetime_or_nonpositive_chunk_is_single_range" time="0.000" /><testcase classname="tests.test_chunked_fetch" name="test_long_window_fetches_each_sub_window_and_stitches_in_epoch_order" time="0.003" /><testcase classname="tests.test_chunked_fetch" name="test_short_window_makes_a_single_fetch_no_chunking" time="0.000" /><testcase classname="tests.test_chunked_fetch" name="test_chunked_window_equals_single_window_record_content" time="0.002" /><testcase classname="tests.test_chunked_fetch" name="test_chunk_bounds_are_config_sourced_no_magic_numbers" time="0.001" /><testcase classname="tests.test_classifier" name="test_cold_start_is_unclear_low_confidence" time="0.000" /><testcase classname="tests.test_classifier" name="test_buyer_control_with_reasonable_confidence" time="0.000" /><testcase classname="tests.test_classifier" name="test_price_impact_guard_zero_impact_is_not_buyer_control" time="0.000" /><testcase classname="tests.test_classifier" name="test_price_impact_guard_negative_impact_is_not_buyer_control" time="0.000" /><testcase classname="tests.test_classifier" name="test_wide_spread_blocks_buyer_control" time="0.000" /><testcase classname="tests.test_classifier" name="test_seller_control_with_reasonable_confidence" time="0.000" /><testcase classname="tests.test_classifier" name="test_price_impact_guard_zero_impact_is_not_seller_control" time="0.000" /><testcase classname="tests.test_classifier" name="test_price_impact_guard_positive_impact_is_not_seller_control" time="0.000" /><testcase classname="tests.test_classifier" name="test_wide_spread_blocks_seller_control" time="0.000" /><testcase classname="tests.test_classifier" name="test_default_buyer_features_do_not_trip_seller_gate" time="0.000" /><testcase classname="tests.test_classifier" name="test_bid_absorption_on_flat_impact_with_refresh" time="0.000" /><testcase classname="tests.test_classifier" name="test_high_sell_aggression_with_real_drop_is_seller_not_bid_absorption" time="0.000" /><testcase classname="tests.test_classifier" name="test_bid_absorption_requires_refresh_evidence_not_mere_flat_impact" time="0.000" /><testcase classname="tests.test_classifier" name="test_wide_spread_blocks_bid_absorption" time="0.000" /><testcase classname="tests.test_classifier" name="test_ask_absorption_on_flat_impact_with_refresh" time="0.000" /><testcase classname="tests.test_classifier" name="test_high_buy_aggression_with_real_rise_is_buyer_not_ask_absorption" time="0.000" /><testcase classname="tests.test_classifier" name="test_ask_absorption_requires_refresh_evidence_not_mere_flat_impact" time="0.000" /><testcase classname="tests.test_classifier" name="test_wide_spread_blocks_ask_absorption" time="0.000" /><testcase classname="tests.test_classifier" name="test_chop_balanced_two_sided_is_warmed_unclear" time="0.000" /><testcase classname="tests.test_classifier" name="test_chop_balanced_ratios_alone_deny_every_gate" time="0.000" /><testcase classname="tests.test_classifier_relative" name="test_old_absolute_gate_would_have_blocked_this_spread" time="0.000" /><testcase classname="tests.test_classifier_relative" name="test_real_directional_drop_resolves_to_seller_control_not_unclear" time="0.000" /><testcase classname="tests.test_classifier_relative" name="test_real_directional_rally_resolves_to_buyer_control" time="0.000" /><testcase classname="tests.test_classifier_relative" name="test_wide_relative_spread_still_reads_unclear" time="0.000" /><testcase classname="tests.test_classifier_relative" name="test_high_sell_aggression_no_proportionate_progress_is_absorption_not_control" time="0.000" /><testcase classname="tests.test_classifier_relative" name="test_absorption_gate_is_exact_complement_of_control_impact_in_relative_domain" time="0.000" /><testcase classname="tests.test_classifier_relative" name="test_ask_absorption_mirror_on_real_name" time="0.000" /><testcase classname="tests.test_classifier_relative" name="test_no_reference_price_falls_back_to_absolute_path_unchanged" time="0.000" /><testcase classname="tests.test_classifier_relative" name="test_in_band_wide_spread_directional_drop_resolves_to_seller_control" time="0.000" /><testcase classname="tests.test_classifier_relative" name="test_in_band_wide_spread_directional_rally_resolves_to_buyer_control" time="0.000" /><testcase classname="tests.test_classifier_relative" name="test_spread_beyond_the_band_still_vetoes_control_honest_uncertainty" time="0.000" /><testcase classname="tests.test_classifier_relative" name="test_override_grades_spread_into_confidence_monotonically" time="0.000" /><testcase classname="tests.test_classifier_relative" name="test_override_does_not_force_a_call_on_weak_evidence" time="0.000" /><testcase classname="tests.test_classifier_relative" name="test_override_disabled_is_byte_identical_to_a_hard_spread_veto" time="0.000" /><testcase classname="tests.test_classifier_relative" name="test_absorption_keystone_holds_under_wide_in_band_spread" time="0.000" /><testcase classname="tests.test_cockpit_chart_upgrade" name="test_cockpit_page_mounts_chart_in_all_modes" time="0.000" /><testcase classname="tests.test_cockpit_chart_upgrade" name="test_price_chart_delegates_drawing_to_structure_chart" time="0.000" /><testcase classname="tests.test_cockpit_chart_upgrade" name="test_price_chart_passes_live_and_overlay_props_to_the_renderer" time="0.000" /><testcase classname="tests.test_cockpit_chart_upgrade" name="test_history_mode_uses_backend_timeframe_bars_verbatim" time="0.000" /><testcase classname="tests.test_cockpit_chart_upgrade" name="test_no_lookahead_clamp_in_container_and_hook" time="0.000" /><testcase classname="tests.test_cockpit_chart_upgrade" name="test_structure_chart_cockpit_props_are_optional_with_defaults" time="0.001" /><testcase classname="tests.test_cockpit_chart_upgrade" name="test_two_group_timeframe_selector_present" time="0.000" /><testcase classname="tests.test_cockpit_chart_upgrade" name="test_history_group_is_the_fixed_duration_supported_set" time="0.000" /><testcase classname="tests.test_cockpit_chart_upgrade" name="test_shared_timeframe_helpers_are_imported_not_duplicated" time="0.000" /><testcase classname="tests.test_copy_discipline" name="test_lint_full_taxonomy_payload_is_clean" time="0.983" /><testcase classname="tests.test_copy_discipline" name="test_lint_frontend_source_literals_are_clean" time="0.056" /><testcase classname="tests.test_copy_discipline" name="test_lint_rejects_a_seeded_banned_phrase[Buy now while the tape is hot.]" time="0.000" /><testcase classname="tests.test_copy_discipline" name="test_lint_rejects_a_seeded_banned_phrase[You should sell here.]" time="0.000" /><testcase classname="tests.test_copy_discipline" name="test_lint_rejects_a_seeded_banned_phrase[Go long on this setup.]" time="0.000" /><testcase classname="tests.test_copy_discipline" name="test_lint_rejects_a_seeded_banned_phrase[Enter the trade at the level.]" time="0.000" /><testcase classname="tests.test_copy_discipline" name="test_lint_rejects_a_seeded_banned_phrase[Exit the position before the close.]" time="0.000" /><testcase classname="tests.test_copy_discipline" name="test_lint_rejects_a_seeded_banned_phrase[Set your take-profit at 102.]" time="0.000" /><testcase classname="tests.test_copy_discipline" name="test_lint_rejects_a_seeded_banned_phrase[Move your stop-loss up.]" time="0.000" /><testcase classname="tests.test_copy_discipline" name="test_lint_rejects_a_seeded_banned_phrase[Price will rise to 105.]" time="0.000" /><testcase classname="tests.test_copy_discipline" name="test_lint_rejects_a_seeded_banned_phrase[The tape is about to break out.]" time="0.000" /><testcase classname="tests.test_copy_discipline" name="test_lint_rejects_a_seeded_banned_phrase[Our price target is 110.]" time="0.000" /><testcase classname="tests.test_copy_discipline" name="test_lint_rejects_a_seeded_banned_phrase[This setup is guaranteed to work.]" time="0.000" /><testcase classname="tests.test_copy_discipline" name="test_lint_rejects_a_seeded_banned_phrase[This setup has an edge over the market.]" time="0.000" /><testcase classname="tests.test_copy_discipline" name="test_lint_rejects_a_seeded_banned_phrase[Our win-rate is 70%.]" time="0.000" /><testcase classname="tests.test_copy_discipline" name="test_lint_rejects_a_seeded_banned_phrase[This strategy is profitable.]" time="0.000" /><testcase classname="tests.test_copy_discipline" name="test_lint_does_not_false_positive_on_legitimate_descriptive_copy[Aggressive buy ratio reads high.]" time="0.000" /><testcase classname="tests.test_copy_discipline" name="test_lint_does_not_false_positive_on_legitimate_descriptive_copy[Large sell print absorbed at the bid.]" time="0.000" /><testcase classname="tests.test_copy_discipline" name="test_lint_does_not_false_positive_on_legitimate_descriptive_copy[The tape reads buyer_control with positive buy_price_impact.]" time="0.000" /><testcase classname="tests.test_copy_discipline" name="test_lint_does_not_false_positive_on_legitimate_descriptive_copy[Seller aggression increasing.]" time="0.000" /><testcase classname="tests.test_copy_discipline" name="test_lint_does_not_false_positive_on_legitimate_descriptive_copy[Mark entry]" time="0.000" /><testcase classname="tests.test_copy_discipline" name="test_lint_does_not_false_positive_on_legitimate_descriptive_copy[Mark exit]" time="0.000" /><testcase classname="tests.test_copy_discipline" name="test_lint_does_not_false_positive_on_legitimate_descriptive_copy[Entry-and-exit-marked theses only, kept apart from the confirmation-anchored figures.]" time="0.000" /><testcase classname="tests.test_copy_discipline" name="test_lint_does_not_false_positive_on_legitimate_descriptive_copy[Record your entry; record your exit.]" time="0.000" /><testcase classname="tests.test_copy_discipline" name="test_lint_does_not_false_positive_on_legitimate_descriptive_copy[Enter a ticker symbol to watch.]" time="0.000" /><testcase classname="tests.test_copy_discipline" name="test_lint_does_not_false_positive_on_legitimate_descriptive_copy[Enter a valid date as yyyy-MM-dd.]" time="0.000" /><testcase classname="tests.test_copy_discipline" name="test_lint_does_not_false_positive_on_legitimate_descriptive_copy[These are journaled measurements \u2014 not a profitability claim, an edge, a win rate, or a forecast.]" time="0.000" /><testcase classname="tests.test_copy_discipline" name="test_lint_does_not_false_positive_on_legitimate_descriptive_copy[Realized move in R units, never currency, never a profit/loss claim.]" time="0.000" /><testcase classname="tests.test_copy_discipline" name="test_lint_does_not_false_positive_on_legitimate_descriptive_copy[Control on your side is sustained \u2014 buyers keep pressing price up; the tape confirms your thesis.]" time="0.000" /><testcase classname="tests.test_copy_discipline" name="test_lint_does_not_false_positive_on_legitimate_descriptive_copy[Plays a brief sound the moment the published verdict or management stance changes. Off by default.]" time="0.000" /><testcase classname="tests.test_dataset_index" name="test_insert_then_lookup_is_a_hit" time="0.018" /><testcase classname="tests.test_dataset_index" name="test_lookup_before_any_insert_is_a_miss" time="0.015" /><testcase classname="tests.test_dataset_index" name="test_lookup_with_a_different_size_or_mtime_is_a_miss" time="0.017" /><testcase classname="tests.test_dataset_index" name="test_insert_is_idempotent_and_overwrites_the_same_path" time="0.020" /><testcase classname="tests.test_dataset_index" name="test_meta_json_is_stored_without_sort_keys_preserving_insertion_order" time="0.017" /><testcase classname="tests.test_dataset_index" name="test_fresh_datasetstore_restart_serves_list_from_the_durable_index_with_zero_reads" time="0.079" /><testcase classname="tests.test_dataset_index" name="test_deleting_the_index_db_costs_one_reverify_pass_and_repopulates" time="0.110" /><testcase classname="tests.test_datasets" name="test_record_reference_slice_stores_correct_metadata" time="0.042" /><testcase classname="tests.test_datasets" name="test_split_tags_register_and_survive_a_store_reload" time="0.448" /><testcase classname="tests.test_datasets" name="test_retagging_registered_content_is_refused" time="0.077" /><testcase classname="tests.test_datasets" name="test_replay_is_deterministic_across_reruns" time="0.070" /><testcase classname="tests.test_datasets" name="test_replay_matches_the_original_source_stream_byte_identically" time="0.117" /><testcase classname="tests.test_datasets" name="test_corrupted_event_data_surfaces_an_explicit_integrity_error" time="0.033" /><testcase classname="tests.test_datasets" name="test_tampering_the_split_tag_itself_breaks_the_checksum" time="0.028" /><testcase classname="tests.test_datasets" name="test_unparseable_file_is_an_explicit_integrity_error" time="0.028" /><testcase classname="tests.test_datasets" name="test_unknown_dataset_id_raises_not_found" time="0.001" /><testcase classname="tests.test_datasets" name="test_empty_requested_window_is_an_explicit_refusal" time="0.050" /><testcase classname="tests.test_datasets" name="test_committed_fixture_pair_loads_through_the_real_store_path_and_replays_keyless" time="0.134" /><testcase classname="tests.test_datasets" name="test_committed_fixture_pair_windows_are_disjoint" time="0.009" /><testcase classname="tests.test_datasets" name="test_list_surfaces_a_tampered_file_as_an_error_after_a_warm_read" time="0.034" /><testcase classname="tests.test_datasets" name="test_racy_write_guard_refuses_to_cache_a_freshly_recorded_dataset" time="0.035" /><testcase classname="tests.test_datasets" name="test_load_events_and_replay_fully_reverify_even_when_the_metadata_cache_is_warm" time="0.060" /><testcase classname="tests.test_datasets" name="test_get_and_list_return_event_counts_copies_a_caller_mutation_never_poisons_the_cache" time="0.028" /><testcase classname="tests.test_datasets" name="test_dataset_dir_is_excluded_from_config_fingerprint" time="0.001" /><testcase classname="tests.test_datasets" name="test_dataset_dir_env_override_wins" time="0.000" /><testcase classname="tests.test_datasets" name="test_tc1_an_event_with_every_new_field_absent_serializes_to_the_pre_change_row_shape" time="0.001" /><testcase classname="tests.test_datasets" name="test_tc2_preservation_fields_round_trip_exactly_through_record_and_load_events" time="0.001" /><testcase classname="tests.test_datasets" name="test_the_frozen_split_guard_still_refuses_one_tape_re_fetched_with_preservation_fields" time="0.001" /><testcase classname="tests.test_datasets" name="test_tc3_schema_basis_and_quote_size_unit_are_stamped_verbatim_when_supplied" time="0.001" /><testcase classname="tests.test_datasets" name="test_tc12_the_rule_text_and_verification_note_are_stamped_verbatim_when_supplied" time="0.001" /><testcase classname="tests.test_datasets" name="test_tc12_the_two_new_fields_are_absent_when_not_supplied_never_a_null_placeholder" time="0.001" /><testcase classname="tests.test_datasets" name="test_tc13_the_content_checksum_is_byte_identical_with_and_without_the_two_new_fields_supplied" time="0.001" /><testcase classname="tests.test_datasets" name="test_tc9_the_dated_rule_constant_lives_exactly_once_in_tick_recorder_never_duplicated" time="0.208" /><testcase classname="tests.test_datasets_api" name="test_post_reference_records_and_registers_a_dataset_keyless" time="0.082" /><testcase classname="tests.test_datasets_api" name="test_list_and_detail_serve_the_stored_metadata_verbatim" time="0.159" /><testcase classname="tests.test_datasets_api" name="test_unknown_dataset_id_is_404" time="0.047" /><testcase classname="tests.test_datasets_api" name="test_retag_attempt_is_refused_409" time="0.153" /><testcase classname="tests.test_datasets_api" name="test_bad_split_value_is_422" time="0.051" /><testcase classname="tests.test_datasets_api" name="test_unknown_source_kind_is_422" time="0.051" /><testcase classname="tests.test_datasets_api" name="test_sim_source_is_not_recordable" time="0.049" /><testcase classname="tests.test_datasets_api" name="test_unknown_reference_id_is_422" time="0.049" /><testcase classname="tests.test_datasets_api" name="test_historical_missing_window_is_422" time="0.045" /><testcase classname="tests.test_datasets_api" name="test_historical_missing_symbol_is_422" time="0.059" /><testcase classname="tests.test_datasets_api" name="test_malformed_iso_window_is_422" time="0.052" /><testcase classname="tests.test_datasets_api" name="test_end_not_after_start_is_422" time="0.051" /><testcase classname="tests.test_datasets_api" name="test_half_open_window_only_one_bound_is_422" time="0.049" /><testcase classname="tests.test_datasets_api" name="test_empty_window_is_422_and_writes_nothing" time="0.092" /><testcase classname="tests.test_datasets_api" name="test_historical_without_credentials_is_an_explicit_422" time="0.049" /><testcase classname="tests.test_datasets_api" name="test_historical_records_through_the_existing_adapter_seam" time="0.062" /><testcase classname="tests.test_datasets_api" name="test_corrupted_dataset_file_surfaces_explicitly_on_detail_and_list" time="0.180" /><testcase classname="tests.test_datasets_api" name="test_warm_cache_response_is_byte_identical_to_a_forced_fresh_verify" time="0.159" /><testcase classname="tests.test_datasets_api" name="test_watching_a_sim_ticker_end_to_end_writes_zero_dataset_files" time="0.161" /><testcase classname="tests.test_dense_replay_gate" name="test_fixture_is_real_sip_dense_and_spans_all_windows" time="0.019" /><testcase classname="tests.test_dense_replay_gate" name="test_fixture_carries_no_credentials" time="0.032" /><testcase classname="tests.test_dense_replay_gate" name="test_fixture_size_within_repo_budget" time="0.000" /><testcase classname="tests.test_dense_replay_gate" name="test_no_full_window_rescan_after_evictions_begin" time="0.042" /><testcase classname="tests.test_dense_replay_gate" name="test_every_feature_window_evicts_on_the_dense_fixture" time="0.224" /><testcase classname="tests.test_dense_replay_gate" name="test_incremental_refresh_is_byte_identical_to_oracle_at_every_compute" time="1.317" /><testcase classname="tests.test_dense_replay_gate" name="test_unpaced_replay_within_config_time_budget" time="0.734" /><testcase classname="tests.test_dense_replay_gate" name="test_pinned_final_feature_values_from_dense_replay" time="0.232" /><testcase classname="tests.test_dense_replay_gate" name="test_dense_replay_is_deterministic" time="0.444" /><testcase classname="tests.test_dense_replay_gate" name="test_changing_dense_replay_budget_does_not_change_fingerprint" time="0.000" /><testcase classname="tests.test_dense_replay_gate" name="test_changing_a_real_threshold_still_changes_fingerprint" time="0.000" /><testcase classname="tests.test_desk_coverage" name="test_pinned_timeframe_set_matches_the_verified_live_derivation" time="0.000" /><testcase classname="tests.test_desk_coverage" name="test_no_universe_snapshot_is_an_honest_empty_payload" time="0.024" /><testcase classname="tests.test_desk_coverage" name="test_universe_with_no_bars_at_all_reports_has_bars_false_for_every_member_and_timeframe" time="0.013" /><testcase classname="tests.test_desk_coverage" name="test_truth_table_exactly_the_covered_members_report_has_bars_true_on_all_four_timeframes" time="0.038" /><testcase classname="tests.test_desk_coverage" name="test_latest_window_end_utc_matches_the_exact_recorded_bar_index_value" time="0.019" /><testcase classname="tests.test_desk_coverage" name="test_latest_window_end_utc_is_the_max_across_multiple_recorded_windows" time="0.023" /><testcase classname="tests.test_desk_coverage" name="test_coverage_issues_zero_bar_store_calls" time="0.038" /><testcase classname="tests.test_desk_coverage" name="test_bar_index_coverage_accessor_is_additive_and_index_only" time="0.013" /><testcase classname="tests.test_desk_deep_backfill" name="test_the_ceiling_is_the_top_ups_own_retention_floor_not_a_second_number" time="0.001" /><testcase classname="tests.test_desk_deep_backfill" name="test_a_timeframe_with_no_retention_floor_is_refused_rather_than_guessed" time="0.000" /><testcase classname="tests.test_desk_deep_backfill" name="test_no_planned_window_ever_reaches_into_the_yahoo_covered_region" time="0.000" /><testcase classname="tests.test_desk_deep_backfill" name="test_a_range_entirely_inside_the_yahoo_region_plans_nothing_and_is_not_an_error" time="0.000" /><testcase classname="tests.test_desk_deep_backfill" name="test_a_range_crossing_the_boundary_is_truncated_rather_than_refused" time="0.000" /><testcase classname="tests.test_desk_deep_backfill" name="test_chunks_abut_without_sharing_a_boundary_date" time="0.000" /><testcase classname="tests.test_desk_deep_backfill" name="test_the_plan_is_clock_free_and_reproducible" time="0.000" /><testcase classname="tests.test_desk_deep_backfill" name="test_a_first_walk_fetches_and_records_every_chunk" time="0.069" /><testcase classname="tests.test_desk_deep_backfill" name="test_a_second_walk_over_the_same_chunks_costs_zero_vendor_calls" time="0.062" /><testcase classname="tests.test_desk_deep_backfill" name="test_one_failing_chunk_never_aborts_the_walk" time="0.070" /><testcase classname="tests.test_desk_deep_backfill" name="test_an_abort_stops_the_walk_and_keeps_what_it_finished" time="0.071" /><testcase classname="tests.test_desk_deep_backfill" name="test_every_recording_is_stamped_with_the_credentialed_feed_not_yahoo" time="0.069" /><testcase classname="tests.test_desk_deep_backfill" name="test_this_module_names_no_credential_and_imports_no_vendor_sdk" time="0.001" /><testcase classname="tests.test_desk_deep_backfill" name="test_this_module_adds_no_config_field" time="0.000" /><testcase classname="tests.test_desk_deep_backfill" name="test_the_run_ledger_derives_every_count_from_the_outcomes_it_is_given" time="0.002" /><testcase classname="tests.test_desk_deep_backfill" name="test_the_run_ledger_refuses_a_non_terminal_state" time="0.001" /><testcase classname="tests.test_desk_deep_backfill" name="test_an_unwritten_ledger_is_honestly_empty_never_a_crash" time="0.001" /><testcase classname="tests.test_desk_deep_backfill" name="test_a_tampered_run_record_is_surfaced_never_served_as_data" time="0.001" /><testcase classname="tests.test_desk_deep_backfill" name="test_the_plan_route_discloses_the_clamp_before_anything_is_clicked" time="0.055" /><testcase classname="tests.test_desk_deep_backfill" name="test_the_plan_route_issues_no_vendor_call" time="0.049" /><testcase classname="tests.test_desk_deep_backfill" name="test_trigger_with_no_universe_refuses_and_starts_nothing" time="0.067" /><testcase classname="tests.test_desk_deep_backfill" name="test_trigger_refuses_a_timeframe_this_path_does_not_serve" time="0.070" /><testcase classname="tests.test_desk_deep_backfill" name="test_a_trigger_runs_to_done_and_leaves_exactly_one_run_record" time="0.085" /><testcase classname="tests.test_desk_deep_backfill" name="test_a_second_trigger_while_running_adopts_rather_than_starting_a_second_walk" time="0.074" /><testcase classname="tests.test_desk_deep_backfill" name="test_cancelling_an_idle_backfill_is_a_409" time="0.046" /><testcase classname="tests.test_desk_deep_backfill" name="test_the_runs_route_is_honestly_empty_before_any_backfill" time="0.044" /><testcase classname="tests.test_desk_deep_backfill" name="test_the_compute_get_never_starts_a_walk" time="0.049" /><testcase classname="tests.test_desk_forward" name="test_touch_overlap_and_exit_rearm_hand_checked" time="0.002" /><testcase classname="tests.test_desk_forward" name="test_band_wider_than_session_range_is_exactly_one_touch" time="0.002" /><testcase classname="tests.test_desk_forward" name="test_cap_and_beyond_cap_disclosed_and_baseline_k_matches_the_cap" time="0.002" /><testcase classname="tests.test_desk_forward" name="test_gap_fully_beyond_band_is_not_a_touch_but_disclosed" time="0.001" /><testcase classname="tests.test_desk_forward" name="test_entry_limit_fill_both_sides" time="0.002" /><testcase classname="tests.test_desk_forward" name="test_window_is_the_screen_dates_own_session_only" time="0.001" /><testcase classname="tests.test_desk_forward" name="test_no_fine_bars_on_the_date_is_an_honest_row_absence" time="0.001" /><testcase classname="tests.test_desk_forward" name="test_ladder_prefers_1m_else_5m_on_the_date_and_5m_offsets_hold" time="0.002" /><testcase classname="tests.test_desk_forward" name="test_horizon_offsets_truncation_and_exact_last_bar" time="0.001" /><testcase classname="tests.test_desk_forward" name="test_touch_on_the_last_bar_is_degenerate_but_honest" time="0.001" /><testcase classname="tests.test_desk_forward" name="test_single_bar_session_end_to_end" time="0.001" /><testcase classname="tests.test_desk_forward" name="test_mdd_hand_checked_zero_clamp_and_touch_bar_smear" time="0.002" /><testcase classname="tests.test_desk_forward" name="test_the_session_mdds_are_unchanged_by_the_running_prefix_rewrite" time="0.002" /><testcase classname="tests.test_desk_forward" name="test_each_horizon_carries_the_drawdown_of_its_own_window_hand_checked" time="0.001" /><testcase classname="tests.test_desk_forward" name="test_a_horizons_drawdown_is_never_shallower_than_a_shorter_horizons" time="0.003" /><testcase classname="tests.test_desk_forward" name="test_exit_price_is_the_close_at_the_horizons_own_measurement_point" time="0.002" /><testcase classname="tests.test_desk_forward" name="test_the_exit_price_reproduces_the_served_return_on_both_sides" time="0.005" /><testcase classname="tests.test_desk_forward" name="test_a_horizon_finer_than_the_series_carries_every_key_present_and_null" time="0.002" /><testcase classname="tests.test_desk_forward" name="test_baseline_anchors_carry_the_identical_new_fields" time="0.004" /><testcase classname="tests.test_desk_forward" name="test_baseline_anchor_indices_are_pinned_for_the_fixture_seed" time="0.002" /><testcase classname="tests.test_desk_forward" name="test_baseline_is_row_order_independent_and_cancel_rerun_byte_identical" time="0.004" /><testcase classname="tests.test_desk_forward" name="test_no_global_rng_state_is_used" time="0.003" /><testcase classname="tests.test_desk_forward" name="test_baseline_k_capped_by_session_size_and_anchors_use_bar_close" time="0.002" /><testcase classname="tests.test_desk_forward" name="test_zero_touch_row_contributes_nothing" time="0.001" /><testcase classname="tests.test_desk_forward" name="test_averages_pool_untruncated_only_with_truncation_counted" time="0.001" /><testcase classname="tests.test_desk_forward" name="test_the_per_horizon_averages_cover_every_declared_measure_key" time="0.004" /><testcase classname="tests.test_desk_forward" name="test_declaring_the_horizon_shape_re_keys_the_record" time="0.002" /><testcase classname="tests.test_desk_forward" name="test_summary_pools_by_side_with_baseline_beside_and_percent_convention" time="0.002" /><testcase classname="tests.test_desk_forward" name="test_parameters_register_and_payload_version_served" time="0.002" /><testcase classname="tests.test_desk_forward" name="test_legacy_row_shapes_degrade_or_measure_honestly" time="0.001" /><testcase classname="tests.test_desk_forward" name="test_signature_narrows_to_the_touch_timeframes_only" time="0.005" /><testcase classname="tests.test_desk_forward" name="test_returns_are_signed_to_the_rows_own_side" time="0.002" /><testcase classname="tests.test_desk_forward" name="test_the_mdd_pair_stays_in_absolute_price_direction_on_both_sides" time="0.001" /><testcase classname="tests.test_desk_forward" name="test_baseline_anchors_carry_their_rows_sign_so_the_comparison_stays_like_for_like" time="0.002" /><testcase classname="tests.test_desk_forward" name="test_the_sign_convention_is_declared_in_the_parameters_and_re_keys_the_record" time="0.002" /><testcase classname="tests.test_desk_forward" name="test_parameters_liveness_moves_payload_and_signature" time="0.002" /><testcase classname="tests.test_desk_forward" name="test_store_discipline_tamper_duplicate_and_damaged_file" time="0.002" /><testcase classname="tests.test_desk_forward" name="test_unknown_screen_id_raises_forward_screen_not_found" time="0.001" /><testcase classname="tests.test_desk_forward" name="test_recorded_file_round_trips_byte_identical" time="0.002" /><testcase classname="tests.test_desk_forward" name="test_newest_for_screen_and_find_by_key_match_the_full_scan_expressions" time="0.005" /><testcase classname="tests.test_desk_forward" name="test_a_malformed_or_unknown_screen_id_is_an_honest_absence" time="0.002" /><testcase classname="tests.test_desk_forward" name="test_record_refuses_a_screen_date_that_disagrees_with_its_screen_id" time="0.002" /><testcase classname="tests.test_desk_forward" name="test_prune_for_screen_refuses_to_remove_a_corrupt_file_and_is_empty_for_an_unknown_screen" time="0.003" /><testcase classname="tests.test_desk_forward" name="test_a_run_with_no_ledger_store_writes_no_run_record" time="0.002" /><testcase classname="tests.test_desk_forward" name="test_a_completed_run_records_one_ledger_row_naming_what_it_measured" time="0.002" /><testcase classname="tests.test_desk_forward" name="test_a_run_over_a_date_with_no_fine_bars_records_that_it_ran_and_found_nothing" time="0.002" /><testcase classname="tests.test_desk_forward" name="test_a_reused_run_records_a_second_row_carrying_the_existing_records_counts" time="0.002" /><testcase classname="tests.test_desk_forward" name="test_a_cancelled_walk_records_a_cancelled_row_and_names_no_forward_record" time="0.001" /><testcase classname="tests.test_desk_forward" name="test_a_failing_walk_records_a_failed_row_carrying_the_error_and_re_raises" time="0.001" /><testcase classname="tests.test_desk_forward" name="test_an_unknown_screen_id_records_a_failed_row_with_an_honest_null_date" time="0.001" /><testcase classname="tests.test_desk_forward" name="test_a_ledger_write_that_itself_raises_leaves_no_row_and_never_double_logs" time="0.002" /><testcase classname="tests.test_desk_forward" name="test_the_manager_threads_the_ledger_store_through_to_the_walk" time="0.012" /><testcase classname="tests.test_desk_forward" name="test_the_no_fine_bars_reason_is_built_and_classified_by_one_owner" time="0.002" /><testcase classname="tests.test_desk_forward" name="test_the_other_absence_reason_is_not_counted_as_a_missing_fine_bar" time="0.001" /><testcase classname="tests.test_desk_forward" name="test_manager_single_flight_second_trigger_returns_the_same_job" time="0.012" /><testcase classname="tests.test_desk_forward" name="test_manager_cancel_mid_walk_records_nothing" time="0.013" /><testcase classname="tests.test_desk_forward" name="test_forward_pins_counts_the_members_whose_fine_window_covers_the_screen_date" time="0.021" /><testcase classname="tests.test_desk_forward" name="test_forward_pins_counts_a_member_once_whichever_ladder_rung_covers_the_date" time="0.024" /><testcase classname="tests.test_desk_forward" name="test_forward_pins_ignores_the_coarse_timeframes_entirely" time="0.020" /><testcase classname="tests.test_desk_forward" name="test_forward_pins_is_an_upper_bound_not_a_promise" time="0.018" /><testcase classname="tests.test_desk_forward" name="test_forward_pins_names_the_recorded_measurement_once_one_exists" time="0.019" /><testcase classname="tests.test_desk_forward" name="test_forward_pins_on_an_unknown_screen_id_is_honestly_empty" time="0.014" /><testcase classname="tests.test_desk_forward" name="test_forward_pins_takes_a_bar_store_only_for_the_session_state" time="0.001" /><testcase classname="tests.test_desk_forward" name="test_forward_pins_without_a_bar_store_says_unknown_rather_than_guessing" time="0.014" /><testcase classname="tests.test_desk_forward" name="test_forward_pins_names_a_screen_date_with_a_recorded_daily_bar_a_session" time="0.015" /><testcase classname="tests.test_desk_forward" name="test_forward_pins_names_a_screen_date_the_daily_bars_bracket_but_skip" time="0.016" /><testcase classname="tests.test_desk_forward" name="test_forward_pins_names_a_screen_date_past_the_last_recorded_daily_bar" time="0.014" /><testcase classname="tests.test_desk_forward" name="test_forward_pins_reads_one_snapshot_and_never_walks_the_screen_store" time="0.016" /><testcase classname="tests.test_desk_forward" name="test_routes_honest_empty_and_unknown_screen_id" time="0.061" /><testcase classname="tests.test_desk_forward" name="test_route_compute_runs_to_done_and_the_bulk_list_serves_v2_meta" time="0.090" /><testcase classname="tests.test_desk_forward" name="test_the_runs_and_pins_routes_are_honestly_empty_before_anything_is_computed" time="0.065" /><testcase classname="tests.test_desk_forward" name="test_the_runs_route_records_a_row_the_compute_snapshot_would_have_lost" time="0.074" /><testcase classname="tests.test_desk_forward" name="test_the_pins_route_discloses_the_reachable_upper_bound_for_a_recorded_snapshot" time="0.072" /><testcase classname="tests.test_desk_forward" name="test_the_register_and_served_reasons_clear_the_copy_lexicon" time="0.002" /><testcase classname="tests.test_desk_forward" name="test_fingerprint_stability_zero_new_config_fields" time="0.000" /><testcase classname="tests.test_desk_forward" name="test_cli_records_into_the_env_scoped_store_and_unknown_id_exits_1" time="0.017" /><testcase classname="tests.test_desk_forward_log" name="test_record_stores_every_field_verbatim" time="0.001" /><testcase classname="tests.test_desk_forward_log" name="test_the_run_id_takes_its_date_from_when_the_run_started_not_the_screen_date" time="0.001" /><testcase classname="tests.test_desk_forward_log" name="test_record_rejects_a_non_terminal_state" time="0.001" /><testcase classname="tests.test_desk_forward_log" name="test_a_failed_run_carries_its_error_verbatim_and_names_no_record" time="0.001" /><testcase classname="tests.test_desk_forward_log" name="test_a_cancelled_run_is_recorded_and_names_no_record" time="0.001" /><testcase classname="tests.test_desk_forward_log" name="test_a_reused_run_reports_the_existing_records_own_counts" time="0.001" /><testcase classname="tests.test_desk_forward_log" name="test_the_absent_row_count_is_what_distinguishes_an_empty_run_from_no_run" time="0.001" /><testcase classname="tests.test_desk_forward_log" name="test_list_serves_the_stored_record_verbatim" time="0.001" /><testcase classname="tests.test_desk_forward_log" name="test_store_survives_a_reload_from_disk" time="0.001" /><testcase classname="tests.test_desk_forward_log" name="test_list_on_a_directory_that_was_never_created_is_honestly_empty" time="0.001" /><testcase classname="tests.test_desk_forward_log" name="test_list_for_screen_filters_to_one_snapshot_oldest_first" time="0.001" /><testcase classname="tests.test_desk_forward_log" name="test_list_for_screen_on_an_unknown_snapshot_is_honestly_empty" time="0.001" /><testcase classname="tests.test_desk_forward_log" name="test_two_calls_with_identical_field_values_still_append_two_distinct_records" time="0.001" /><testcase classname="tests.test_desk_forward_log" name="test_a_second_run_appends_without_touching_the_first_files_bytes_on_disk" time="0.001" /><testcase classname="tests.test_desk_forward_log" name="test_forward_run_store_has_no_update_or_delete_method" time="0.000" /><testcase classname="tests.test_desk_forward_log" name="test_a_run_that_never_reaches_the_writer_call_leaves_the_store_untouched" time="0.001" /><testcase classname="tests.test_desk_forward_log" name="test_corrupted_run_record_file_surfaces_explicitly_in_list_errors" time="0.001" /><testcase classname="tests.test_desk_forward_log" name="test_load_raises_forward_run_integrity_error_for_unparseable_json" time="0.001" /><testcase classname="tests.test_desk_forward_log" name="test_corrupted_file_does_not_block_other_valid_records_from_listing" time="0.001" /><testcase classname="tests.test_desk_forward_log" name="test_load_raises_forward_run_integrity_error_directly_for_a_missing_meta_shape" time="0.001" /><testcase classname="tests.test_desk_forward_log" name="test_resolve_desk_forward_log_dir_defaults_to_a_sibling_of_the_universe_dir" time="0.000" /><testcase classname="tests.test_desk_forward_log" name="test_resolve_desk_forward_log_dir_env_override" time="0.000" /><testcase classname="tests.test_desk_forward_session_slice" name="test_the_slice_selects_what_the_filter_selected[window_date0-1785455999.0]" time="0.000" /><testcase classname="tests.test_desk_forward_session_slice" name="test_the_slice_selects_what_the_filter_selected[window_date1-1785369599.0]" time="0.000" /><testcase classname="tests.test_desk_forward_session_slice" name="test_the_slice_selects_what_the_filter_selected[window_date2-1785542399.0]" time="0.000" /><testcase classname="tests.test_desk_forward_session_slice" name="test_the_slice_selects_what_the_filter_selected[window_date3-1785283199.0]" time="0.000" /><testcase classname="tests.test_desk_forward_session_slice" name="test_the_slice_selects_what_the_filter_selected[window_date4-1785974399.0]" time="0.000" /><testcase classname="tests.test_desk_forward_session_slice" name="test_the_slice_selects_what_the_filter_selected[window_date5-1785418200.0]" time="0.000" /><testcase classname="tests.test_desk_forward_session_slice" name="test_the_slice_selects_what_the_filter_selected[window_date6-1785369600.0]" time="0.000" /><testcase classname="tests.test_desk_forward_session_slice" name="test_the_slice_selects_what_the_filter_selected[window_date7-1785326400.0]" time="0.000" /><testcase classname="tests.test_desk_forward_session_slice" name="test_an_empty_series_slices_to_nothing" time="0.000" /><testcase classname="tests.test_desk_forward_session_slice" name="test_a_series_holding_only_the_target_session_is_returned_whole" time="0.000" /><testcase classname="tests.test_desk_forward_session_slice" name="test_the_returned_list_is_fresh_so_a_caller_cannot_poison_the_series" time="0.000" /><testcase classname="tests.test_desk_forward_ui_guard" name="test_the_function_extractor_returns_a_body_not_a_props_pattern" time="0.000" /><testcase classname="tests.test_desk_forward_ui_guard" name="test_the_forward_block_exists_and_ships_its_testids" time="0.001" /><testcase classname="tests.test_desk_forward_ui_guard" name="test_the_page_renders_its_sections_in_the_registered_order" time="0.002" /><testcase classname="tests.test_desk_forward_ui_guard" name="test_no_shipped_golden_pins_a_bare_symbol_as_page_wide_text" time="0.001" /><testcase classname="tests.test_desk_forward_ui_guard" name="test_the_order_and_bare_symbol_guards_can_fail_on_seeded_violations" time="0.000" /><testcase classname="tests.test_desk_forward_ui_guard" name="test_the_forward_block_never_reorders_or_caps_what_it_renders" time="0.001" /><testcase classname="tests.test_desk_forward_ui_guard" name="test_the_forward_block_deliberately_permits_an_operator_chosen_sort" time="0.001" /><testcase classname="tests.test_desk_forward_ui_guard" name="test_the_forward_block_sort_narrowing_can_fail_on_a_seeded_violation" time="0.000" /><testcase classname="tests.test_desk_forward_ui_guard" name="test_the_mount_effect_extractor_finds_a_real_effect" time="0.001" /><testcase classname="tests.test_desk_forward_ui_guard" name="test_every_collapsed_section_starts_collapsed" time="0.001" /><testcase classname="tests.test_desk_forward_ui_guard" name="test_a_collapsed_sections_heading_stays_outside_its_collapsed_body" time="0.000" /><testcase classname="tests.test_desk_forward_ui_guard" name="test_a_collapsed_section_defers_its_own_read_until_expanded" time="0.002" /><testcase classname="tests.test_desk_forward_ui_guard" name="test_the_deferred_read_guard_can_fail_on_a_seeded_violation" time="0.000" /><testcase classname="tests.test_desk_forward_ui_guard" name="test_the_sign_convention_line_reads_the_record_and_never_assumes_one" time="0.001" /><testcase classname="tests.test_desk_forward_ui_guard" name="test_every_touch_cell_reaches_its_value_through_the_guarded_binding" time="0.001" /><testcase classname="tests.test_desk_forward_ui_guard" name="test_the_session_end_group_copies_served_values_and_derives_none" time="0.000" /><testcase classname="tests.test_desk_forward_ui_guard" name="test_the_all_absent_note_reads_the_served_reason_field_not_a_recomputed_count" time="0.001" /><testcase classname="tests.test_desk_forward_ui_guard" name="test_the_all_absent_note_has_a_distinct_sentence_for_every_session_state" time="0.000" /><testcase classname="tests.test_desk_forward_ui_guard" name="test_the_forward_block_reuses_no_golden_click_target" time="0.001" /><testcase classname="tests.test_desk_forward_ui_guard" name="test_the_guards_can_fail_on_seeded_violations" time="0.000" /><testcase classname="tests.test_desk_hover_tooltip_guard" name="test_ranked_row_drill_in_tooltip_is_built_from_distance_score_and_coverage_freshness" time="0.001" /><testcase classname="tests.test_desk_hover_tooltip_guard" name="test_skip_row_drill_in_tooltip_carries_coverage_freshness_only" time="0.000" /><testcase classname="tests.test_desk_hover_tooltip_guard" name="test_guard_can_fail_on_a_seeded_violation" time="0.000" /><testcase classname="tests.test_desk_index_reconcile" name="test_classify_drift_on_an_empty_store_and_index_is_all_empty" time="0.016" /><testcase classname="tests.test_desk_index_reconcile" name="test_classify_drift_reports_nothing_when_store_and_index_already_agree" time="0.016" /><testcase classname="tests.test_desk_index_reconcile" name="test_tc1_a_healthy_series_with_no_index_row_is_reported_as_unindexed_by_symbol_and_timeframe" time="0.014" /><testcase classname="tests.test_desk_index_reconcile" name="test_tc2_an_index_row_whose_series_id_matches_no_file_is_reported_as_orphan_by_series_id_alone" time="0.016" /><testcase classname="tests.test_desk_index_reconcile" name="test_tc3_an_index_row_pointing_at_a_corrupted_file_is_reported_as_stale_checksum_by_series_id_alone" time="0.017" /><testcase classname="tests.test_desk_index_reconcile" name="test_the_three_buckets_are_mutually_exclusive_and_together_cover_every_drifted_id" time="0.022" /><testcase classname="tests.test_desk_index_reconcile" name="test_tc4_a_reconciliation_run_repairs_the_index_and_get_desk_coverage_flips_false_to_true" time="0.019" /><testcase classname="tests.test_desk_index_reconcile" name="test_tc5_a_corrupt_file_stays_unindexed_after_repair_and_store_errors_are_verbatim" time="0.019" /><testcase classname="tests.test_desk_index_reconcile" name="test_run_reconcile_on_a_clean_store_is_a_true_no_op" time="0.018" /><testcase classname="tests.test_desk_index_reconcile" name="test_run_reconcile_progress_callback_receives_the_three_phases_in_order" time="0.017" /><testcase classname="tests.test_desk_index_reconcile" name="test_run_reconcile_should_abort_before_reindex_skips_the_repair_entirely" time="0.013" /><testcase classname="tests.test_desk_index_reconcile" name="test_tc12_a_post_repair_screen_gets_a_new_bar_store_signature_and_the_pre_repair_snapshot_is_untouched" time="0.030" /><testcase classname="tests.test_desk_index_reconcile" name="test_tc8_reconciliation_never_writes_to_any_bar_series_file_or_universe_snapshot_file" time="0.018" /><testcase classname="tests.test_desk_index_reconcile" name="test_record_stores_every_field_verbatim" time="0.001" /><testcase classname="tests.test_desk_index_reconcile" name="test_record_rejects_a_non_terminal_state" time="0.001" /><testcase classname="tests.test_desk_index_reconcile" name="test_list_on_a_directory_that_was_never_created_is_honestly_empty" time="0.001" /><testcase classname="tests.test_desk_index_reconcile" name="test_a_run_that_never_reaches_the_writer_call_leaves_the_store_untouched" time="0.001" /><testcase classname="tests.test_desk_index_reconcile" name="test_two_calls_with_identical_field_values_still_append_two_distinct_records" time="0.001" /><testcase classname="tests.test_desk_index_reconcile" name="test_a_second_run_appends_without_touching_the_first_files_bytes_on_disk" time="0.001" /><testcase classname="tests.test_desk_index_reconcile" name="test_reconcile_run_store_has_no_update_or_delete_method" time="0.000" /><testcase classname="tests.test_desk_index_reconcile" name="test_returned_drift_lists_are_independent_copies_never_a_shared_mutable_reference" time="0.001" /><testcase classname="tests.test_desk_index_reconcile" name="test_tc20_corrupted_run_record_file_surfaces_explicitly_and_never_blocks_the_genuine_record" time="0.001" /><testcase classname="tests.test_desk_index_reconcile" name="test_tampered_checksum_surfaces_as_an_integrity_error" time="0.001" /><testcase classname="tests.test_desk_index_reconcile" name="test_resolve_desk_index_reconcile_dir_defaults_to_a_sibling_of_the_universe_dir" time="0.000" /><testcase classname="tests.test_desk_index_reconcile" name="test_resolve_desk_index_reconcile_dir_env_override" time="0.000" /><testcase classname="tests.test_desk_index_reconcile" name="test_no_job_has_ever_run_snapshot_is_none" time="0.000" /><testcase classname="tests.test_desk_index_reconcile" name="test_trigger_on_an_empty_store_is_an_honest_zero_drift_job_that_completes" time="0.025" /><testcase classname="tests.test_desk_index_reconcile" name="test_trigger_shape_reflects_a_real_drift_case_end_to_end" time="0.027" /><testcase classname="tests.test_desk_index_reconcile" name="test_second_trigger_while_running_returns_the_same_job_started_false" time="0.030" /><testcase classname="tests.test_desk_index_reconcile" name="test_trigger_after_a_terminal_job_starts_a_genuinely_new_job" time="0.034" /><testcase classname="tests.test_desk_index_reconcile" name="test_a_cancel_signal_observed_before_reindex_resolves_state_cancelled_with_no_repair" time="0.027" /><testcase classname="tests.test_desk_index_reconcile" name="test_an_unexpected_crash_resolves_state_failed_and_records_a_zeroed_run" time="0.015" /><testcase classname="tests.test_desk_index_reconcile" name="test_snapshot_returns_are_independent_copies_never_a_shared_mutable_reference" time="0.024" /><testcase classname="tests.test_desk_index_reconcile" name="test_get_reconcile_compute_before_any_trigger_is_an_honest_null_and_starts_nothing" time="0.051" /><testcase classname="tests.test_desk_index_reconcile" name="test_get_reconcile_runs_before_any_run_is_the_honest_empty_payload_and_starts_nothing" time="0.055" /><testcase classname="tests.test_desk_index_reconcile" name="test_post_trigger_runs_to_completion_and_get_polls_the_same_snapshot" time="0.093" /><testcase classname="tests.test_desk_index_reconcile" name="test_cancel_while_idle_is_409" time="0.049" /><testcase classname="tests.test_desk_index_reconcile" name="test_cancel_while_running_succeeds_and_a_subsequent_idle_cancel_is_409" time="0.079" /><testcase classname="tests.test_desk_index_reconcile" name="test_second_post_while_running_returns_started_false_through_http" time="0.075" /><testcase classname="tests.test_desk_index_reconcile" name="test_reconcile_run_store_directory_defaults_to_a_sibling_of_the_scoped_universe_dir" time="0.083" /><testcase classname="tests.test_desk_index_reconcile" name="test_tc20_get_reconcile_runs_survives_a_corrupted_run_record_file_alongside_a_genuine_one" time="0.087" /><testcase classname="tests.test_desk_index_reconcile" name="test_tc8_route_level_a_reconcile_run_leaves_the_universe_snapshot_file_byte_identical" time="0.089" /><testcase classname="tests.test_desk_meta_cache" name="test_the_first_screen_list_meta_verifies_every_file_and_remembers_it" time="0.017" /><testcase classname="tests.test_desk_meta_cache" name="test_a_second_screen_store_on_the_same_db_serves_identical_rows_with_zero_loads" time="0.018" /><testcase classname="tests.test_desk_meta_cache" name="test_touching_one_screen_file_re_verifies_exactly_that_file" time="0.023" /><testcase classname="tests.test_desk_meta_cache" name="test_a_corrupt_screen_is_never_remembered_and_is_re_surfaced_on_every_call" time="0.018" /><testcase classname="tests.test_desk_meta_cache" name="test_a_screen_tampered_after_being_remembered_still_fails_loudly" time="0.019" /><testcase classname="tests.test_desk_meta_cache" name="test_deleting_the_screen_cache_loses_nothing_and_repopulates" time="0.039" /><testcase classname="tests.test_desk_meta_cache" name="test_a_screen_store_without_a_cache_path_touches_no_database" time="0.002" /><testcase classname="tests.test_desk_meta_cache" name="test_an_unopenable_screen_cache_degrades_to_full_verification" time="0.002" /><testcase classname="tests.test_desk_meta_cache" name="test_the_screen_cache_holds_metadata_only_never_rows_or_skipped" time="0.020" /><testcase classname="tests.test_desk_meta_cache" name="test_the_first_forward_list_meta_verifies_every_file_and_remembers_it" time="0.019" /><testcase classname="tests.test_desk_meta_cache" name="test_a_second_forward_store_on_the_same_db_serves_identical_rows_with_zero_loads" time="0.018" /><testcase classname="tests.test_desk_meta_cache" name="test_touching_one_forward_file_re_verifies_exactly_that_file" time="0.020" /><testcase classname="tests.test_desk_meta_cache" name="test_a_corrupt_forward_record_is_never_remembered_and_is_re_surfaced_on_every_call" time="0.021" /><testcase classname="tests.test_desk_meta_cache" name="test_deleting_the_forward_cache_loses_nothing_and_repopulates" time="0.033" /><testcase classname="tests.test_desk_meta_cache
[...]
egardless_of_corpus_size" time="0.001" /><testcase classname="tests.test_walkforward" name="test_tc7_step_less_than_test_is_refused" time="0.001" /><testcase classname="tests.test_walkforward" name="test_tc8_a_label_planted_to_cross_a_fold_boundary_fails_with_a_named_error" time="0.000" /><testcase classname="tests.test_walkforward" name="test_tc8_observations_in_sessions_filters_to_the_allowed_set_with_the_assertion_wired_in" time="0.000" /><testcase classname="tests.test_walkforward" name="test_tc8_well_formed_observations_never_raise" time="0.000" /><testcase classname="tests.test_walkforward" name="test_tc9_embargo_sessions_zero_is_accepted_with_its_derivation_recorded" time="0.002" /><testcase classname="tests.test_walkforward" name="test_tc9_diagnostic_geometry_embargo_is_its_own_predeclared_choice_not_a_universal_default" time="0.000" /><testcase classname="tests.test_walkforward" name="test_tc10_a_second_different_geometry_without_a_voiding_event_is_refused" time="0.002" /><testcase classname="tests.test_walkforward" name="test_tc10_re_registering_the_identical_geometry_is_an_idempotent_replay_not_a_refusal" time="0.002" /><testcase classname="tests.test_walkforward" name="test_tc10_a_voiding_event_permits_a_new_geometry_and_survivor_states_read_void_afterward" time="0.010" /><testcase classname="tests.test_walkforward" name="test_tc10_voiding_events_are_permanent_never_deleted_or_edited" time="0.002" /><testcase classname="tests.test_walkforward" name="test_tc11_same_fitting_rule_across_origins_stays_in_the_same_sequence" time="0.002" /><testcase classname="tests.test_walkforward" name="test_tc11_unknown_fitting_rule_is_refused" time="0.000" /><testcase classname="tests.test_walkforward" name="test_tc12_the_validation_window_is_not_read_until_after_the_spec_hash_is_frozen" time="0.002" /><testcase classname="tests.test_walkforward" name="test_tc13_a_mode_b_spec_registered_after_a_logged_exposure_is_auto_classed_diagnostic" time="0.003" /><testcase classname="tests.test_walkforward" name="test_tc13_a_mode_b_spec_registered_before_any_exposure_of_its_window_classes_historical_oos" time="0.002" /><testcase classname="tests.test_walkforward" name="test_tc14_freshly_initialized_registry_reads_every_named_window_exposed_before_any_serving_act" time="0.003" /><testcase classname="tests.test_walkforward" name="test_tr22_mutating_is_exposed_before_to_always_return_false_makes_the_auto_classification_assertion_fail_restoring_it_passes" time="0.002" /><testcase classname="tests.test_walkforward" name="test_tc15_all_five_conditions_hold_returns_walkforward_survivor" time="0.000" /><testcase classname="tests.test_walkforward" name="test_tc15_violating_condition_1_class_mix_prevents_survivor" time="0.000" /><testcase classname="tests.test_walkforward" name="test_tc15_violating_condition_2_sign_agreement_prevents_survivor" time="0.000" /><testcase classname="tests.test_walkforward" name="test_tc15_violating_condition_3_pooled_effect_below_econ_floor_prevents_survivor" time="0.000" /><testcase classname="tests.test_walkforward" name="test_tc15_violating_condition_3_via_missing_econ_floor_prevents_survivor_fail_closed" time="0.000" /><testcase classname="tests.test_walkforward" name="test_tc15_violating_condition_4_an_opposite_direction_sufficient_fold_prevents_survivor" time="0.000" /><testcase classname="tests.test_walkforward" name="test_tc15_violating_condition_5_a_voided_corpus_era_prevents_survivor" time="0.000" /><testcase classname="tests.test_walkforward" name="test_tc16_a_fold_below_min_observations_reads_insufficient_with_the_arithmetic" time="0.000" /><testcase classname="tests.test_walkforward" name="test_tc16_a_fold_below_min_signal_sessions_reads_insufficient" time="0.000" /><testcase classname="tests.test_walkforward" name="test_tc16_a_fold_below_min_symbols_reads_insufficient" time="0.000" /><testcase classname="tests.test_walkforward" name="test_tc16_a_sufficient_fold_never_reads_insufficient" time="0.000" /><testcase classname="tests.test_walkforward" name="test_tc17_fewer_than_min_sufficient_folds_refuses_rather_than_computes" time="0.000" /><testcase classname="tests.test_walkforward" name="test_tc17_at_the_floor_a_verdict_is_computed_not_refused" time="0.000" /><testcase classname="tests.test_walkforward" name="test_tc18_pooling_a_diagnostic_fold_with_an_oos_fold_is_refused_at_condition_1" time="0.000" /><testcase classname="tests.test_walkforward" name="test_tc18_the_diagnostic_fold_independently_contributes_nothing_to_the_pooled_effect" time="0.000" /><testcase classname="tests.test_walkforward" name="test_tc19_a_post_reveal_operator_selection_is_refused_at_walkforward_survivor" time="0.000" /><testcase classname="tests.test_walkforward" name="test_tc19_operator_process_fold_contributes_nothing_to_the_pooled_effect_either" time="0.000" /><testcase classname="tests.test_walkforward" name="test_tc19_a_pre_reveal_registered_shortlist_keeps_rule_process_and_stays_eligible" time="0.000" /><testcase classname="tests.test_walkforward" name="test_tc20_the_11_session_tick_corpus_returns_the_typed_floor_refusal_naming_11_lt_105" time="0.000" /><testcase classname="tests.test_walkforward" name="test_run_diagnostic_walkforward_self_initializes_a_never_before_seen_exposure_registry" time="0.042" /><testcase classname="tests.test_walkforward" name="test_tc23_and_tc24_the_diagnostic_run_over_a_small_synthetic_corpus" time="0.037" /><testcase classname="tests.test_walkforward" name="test_tc2_run_diagnostic_walkforward_itself_raises_the_typed_refusal_below_the_session_floor" time="0.003" /><testcase classname="tests.test_walkforward" name="test_tc5_first_diagnostic_run_seeds_one_tick_exposure_entry_per_session_window" time="0.038" /><testcase classname="tests.test_walkforward" name="test_tc6_a_second_diagnostic_run_leaves_the_tick_corpus_exposure_row_count_unchanged" time="0.041" /><testcase classname="tests.test_walkforward" name="test_tc7_micro_readiness_exposure_state_is_unaffected_by_the_new_tick_exposure_registry" time="0.062" /><testcase classname="tests.test_walkforward" name="test_append_fold_result_replays_an_identical_evaluation_instead_of_recording_it_twice" time="0.002" /><testcase classname="tests.test_walkforward" name="test_a_repeat_run_never_turns_a_below_floor_refusal_into_a_computed_verdict" time="0.002" /><testcase classname="tests.test_walkforward" name="test_a_repeat_diagnostic_run_replays_every_fold_and_leaves_the_served_sequence_unchanged" time="0.040" /><testcase classname="tests.test_walkforward" name="test_the_mode_b_predeclaration_is_ledgered_before_the_first_outcome_read" time="0.039" /><testcase classname="tests.test_walkforward" name="test_tc25_a_second_trigger_while_running_is_refused" time="0.002" /><testcase classname="tests.test_walkforward" name="test_tc25_a_mid_run_exception_resolves_to_a_terminal_failed_run_log_entry" time="0.002" /><testcase classname="tests.test_walkforward" name="test_tc26_a_truncated_walkforward_ledger_tail_is_caught_even_though_the_chain_still_verifies" time="0.002" /><testcase classname="tests.test_walkforward" name="test_the_cli_prints_the_typed_refusal_and_exits_non_zero_on_a_below_floor_corpus" time="0.003" /><testcase classname="tests.test_walkforward" name="test_the_cli_with_no_flag_does_nothing" time="0.000" /><testcase classname="tests.test_walkforward" name="test_tc6_the_family_flag_prints_the_typed_refusal_naming_the_real_shortfall" time="0.006" /><testcase classname="tests.test_walkforward" name="test_tc13_a_below_floor_tick_family_request_leaves_the_ledger_completely_unchanged" time="0.006" /><testcase classname="tests.test_walkforward" name="test_tc14_a_corrupt_tick_dataset_is_surfaced_via_integrity_errors_never_silently_excluded" time="0.006" /><testcase classname="tests.test_walkforward" name="test_tc14_run_tick_family_fold_request_surfaces_integrity_errors_on_its_success_return" time="0.002" /><testcase classname="tests.test_walkforward" name="test_tc6_an_unknown_family_value_is_refused_by_argparse_itself" time="0.001" /><testcase classname="tests.test_walkforward" name="test_walkforward_routes_serve_empty_state_honestly_and_the_compute_trigger_round_trips" time="0.868" /><testcase classname="tests.test_walkforward" name="test_tc3_the_compute_routes_worker_resolves_the_typed_refusal_to_a_failed_run_never_a_500" time="0.020" /><testcase classname="tests.test_walkforward" name="test_tc10_a_sealed_datasets_window_carries_no_r2_exposure_entry_while_an_unsealed_siblings_does" time="0.039" /><testcase classname="tests.test_walkforward" name="test_tc11_d_stays_absent_from_a_later_seed_inspection_even_after_the_vault_exposes_it" time="0.041" /><testcase classname="tests.test_walkforward" name="test_b4_the_tick_family_corpus_inventory_excludes_and_discloses_withheld_shards" time="0.003" /><testcase classname="tests.test_walkforward" name="test_b4_the_success_return_carries_the_withheld_count" time="0.002" /><testcase classname="tests.test_walkforward" name="test_t3_a_sealed_shards_date_IS_still_seeded_when_an_unsealed_sibling_shares_it" time="0.039" /><testcase classname="tests.test_walkforward_oracles" name="test_tc21_the_known_null_corpus_survives_nothing_through_scout_screening" time="0.016" /><testcase classname="tests.test_walkforward_oracles" name="test_tc21_the_known_null_corpus_survives_nothing_through_walkforward_folds" time="0.005" /><testcase classname="tests.test_walkforward_oracles" name="test_tc21_the_known_null_corpus_reproduces_byte_identically_on_rerun" time="0.037" /><testcase classname="tests.test_walkforward_oracles" name="test_tc22_the_planted_effect_corpus_is_significant_through_scout_screening" time="0.015" /><testcase classname="tests.test_walkforward_oracles" name="test_tc22_the_planted_effect_corpus_recovers_the_planted_sign_and_magnitude_through_walkforward" time="0.005" /><testcase classname="tests.test_walkforward_oracles" name="test_tc22_the_planted_effect_corpus_reproduces_byte_identically_on_rerun" time="0.005" /><testcase classname="tests.test_watch_manager" name="test_stop_unwatched_ticker_returns_false_and_raises_nothing" time="0.000" /><testcase classname="tests.test_watch_manager" name="test_stop_removes_engine_and_sets_closed" time="0.000" /><testcase classname="tests.test_watch_manager" name="test_stop_cancels_the_running_feeder_task" time="0.072" /><testcase classname="tests.test_watch_manager" name="test_rewatch_after_stop_builds_a_fresh_cold_engine" time="0.004" /><testcase classname="tests.test_watch_manager" name="test_rewatch_yields_identical_snapshot_to_first_ever_watch" time="0.016" /><testcase classname="tests.test_watch_manager" name="test_watch_with_provider_does_not_touch_sim_registry" time="0.001" /><testcase classname="tests.test_watch_manager" name="test_historical_feeder_is_cancellable_via_stop" time="0.072" /><testcase classname="tests.test_watch_manager" name="test_switch_tears_down_prior_historical_feeder_no_orphan" time="0.074" /><testcase classname="tests.test_watch_manager" name="test_live_feeder_flips_live_then_stale_then_recovers_without_fabricating_trades" time="0.064" /><testcase classname="tests.test_watch_manager" name="test_stop_cancels_live_feeder_and_closes_socket_no_leak" time="0.012" /><testcase classname="tests.test_watch_manager" name="test_switch_tears_down_prior_live_feeder_and_closes_prior_socket" time="0.017" /><testcase classname="tests.test_watch_manager" name="test_live_feeder_does_not_touch_sim_registry" time="0.011" /><testcase classname="tests.test_watch_manager" name="test_paced_delivery_lag_healthy_replay_reads_near_zero" time="0.000" /><testcase classname="tests.test_watch_manager" name="test_paced_delivery_lag_backlogged_feeder_reads_positive" time="0.000" /><testcase classname="tests.test_watch_manager" name="test_paced_delivery_lag_ahead_of_schedule_clamps_to_zero" time="0.000" /><testcase classname="tests.test_watch_manager" name="test_live_delivery_lag_uses_record_epoch_vs_wall_clock" time="0.000" /><testcase classname="tests.test_watch_manager" name="test_live_delivery_lag_none_without_epoch_anchor" time="0.000" /><testcase classname="tests.test_watch_manager" name="test_live_delivery_lag_future_record_clamps_to_zero" time="0.000" /><testcase classname="tests.test_watch_manager" name="test_sim_feeder_stamps_a_small_delivery_lag" time="0.142" /><testcase classname="tests.test_watch_manager" name="test_delivery_lag_is_never_read_by_classification" time="0.008" /><testcase classname="tests.test_window_resolution" name="test_offset_bearing_instant_resolves_to_equivalent_utc_summer_edt" time="0.000" /><testcase classname="tests.test_window_resolution" name="test_offset_bearing_instant_resolves_to_equivalent_utc_winter_est" time="0.000" /><testcase classname="tests.test_window_resolution" name="test_z_suffixed_instant_is_utc" time="0.000" /><testcase classname="tests.test_window_resolution" name="test_naive_value_is_still_treated_as_utc_no_regression" time="0.000" /><testcase classname="tests.test_window_resolution" name="test_historical_watch_fetches_exact_utc_instant_for_offset_input" time="0.009" /><testcase classname="tests.test_window_resolution" name="test_historical_watch_treats_naive_window_as_utc_no_regression" time="0.008" /><testcase classname="tests.test_yahoo_adapter" name="test_name_is_yahoo" time="0.000" /><testcase classname="tests.test_yahoo_adapter" name="test_is_available_is_always_true_keyless" time="0.000" /><testcase classname="tests.test_yahoo_adapter" name="test_satisfies_the_market_data_adapter_protocol" time="0.000" /><testcase classname="tests.test_yahoo_adapter" name="test_fetch_bars_maps_daily_timeframe_and_returns_real_shaped_bars" time="0.001" /><testcase classname="tests.test_yahoo_adapter" name="test_fetch_bars_returns_bars_in_ascending_epoch_order" time="0.001" /><testcase classname="tests.test_yahoo_adapter" name="test_fetch_bars_uppercases_and_strips_the_symbol" time="0.001" /><testcase classname="tests.test_yahoo_adapter" name="test_fetch_bars_raises_unsupported_timeframe_with_zero_vendor_calls[8h]" time="0.000" /><testcase classname="tests.test_yahoo_adapter" name="test_fetch_bars_raises_unsupported_timeframe_with_zero_vendor_calls[1mo]" time="0.000" /><testcase classname="tests.test_yahoo_adapter" name="test_fetch_bars_raises_unsupported_timeframe_with_zero_vendor_calls[15m]" time="0.000" /><testcase classname="tests.test_yahoo_adapter" name="test_fetch_bars_raises_no_data_for_window_for_an_empty_vendor_response" time="0.000" /><testcase classname="tests.test_yahoo_adapter" name="test_fetch_bars_drops_a_vendor_row_whose_prices_are_all_nan" time="0.001" /><testcase classname="tests.test_yahoo_adapter" name="test_fetch_bars_drops_a_priceless_row_without_disturbing_the_real_rows" time="0.001" /><testcase classname="tests.test_yahoo_adapter" name="test_fetch_bars_raises_no_data_for_window_when_every_vendor_row_is_priceless" time="0.001" /><testcase classname="tests.test_yahoo_adapter" name="test_fetch_bars_drops_a_row_whose_volume_is_nan" time="0.001" /><testcase classname="tests.test_yahoo_adapter" name="test_interval_map_covers_the_five_directly_fetched_era5_timeframes" time="0.000" /><testcase classname="tests.test_yahoo_adapter" name="test_fetch_bars_maps_each_newly_added_direct_timeframe[1w-1wk]" time="0.001" /><testcase classname="tests.test_yahoo_adapter" name="test_fetch_bars_maps_each_newly_added_direct_timeframe[1h-1h]" time="0.001" /><testcase classname="tests.test_yahoo_adapter" name="test_fetch_bars_maps_each_newly_added_direct_timeframe[5m-5m]" time="0.001" /><testcase classname="tests.test_yahoo_adapter" name="test_fetch_bars_maps_each_newly_added_direct_timeframe[1m-1m]" time="0.001" /><testcase classname="tests.test_yahoo_adapter" name="test_fetch_bars_1h_returns_real_shaped_bars_from_the_committed_hourly_fixture" time="0.001" /><testcase classname="tests.test_yahoo_adapter" name="test_resample_4h_ohlc_aggregation_exact_on_a_full_bucket" time="0.000" /><testcase classname="tests.test_yahoo_adapter" name="test_resample_4h_matches_independent_aggregation_candle_for_candle" time="0.000" /><testcase classname="tests.test_yahoo_adapter" name="test_resample_4h_buckets_align_to_the_real_session_open_not_naive_wall_clock" time="0.000" /><testcase classname="tests.test_yahoo_adapter" name="test_resample_4h_partial_trailing_bucket_uses_only_the_completed_1h_bars" time="0.000" /><testcase classname="tests.test_yahoo_adapter" name="test_resample_4h_every_days_second_bucket_is_naturally_partial_three_bars" time="0.000" /><testcase classname="tests.test_yahoo_adapter" name="test_resample_4h_is_pure_and_byte_identical_across_two_identical_calls" time="0.000" /><testcase classname="tests.test_yahoo_adapter" name="test_resample_4h_of_empty_input_is_honestly_empty" time="0.000" /><testcase classname="tests.test_yahoo_adapter" name="test_fetch_bars_4h_resamples_the_real_1h_fetch_end_to_end" time="0.001" /><testcase classname="tests.test_yahoo_adapter" name="test_fetch_bars_4h_is_byte_identical_across_two_identical_requests" time="0.001" /><testcase classname="tests.test_yahoo_adapter" name="test_fetch_bars_4h_propagates_no_data_for_window_when_the_underlying_1h_fetch_is_empty" time="0.000" /><testcase classname="tests.test_yahoo_adapter" name="test_fetch_historical_honestly_raises_not_implemented" time="0.000" /><testcase classname="tests.test_yahoo_adapter" name="test_get_market_clock_honestly_raises_not_implemented" time="0.000" /><testcase classname="tests.test_yahoo_adapter" name="test_stream_live_honestly_raises_not_implemented" time="0.000" /><testcase classname="tests.test_yahoo_adapter" name="test_search_symbols_honestly_returns_empty_list" time="0.000" /><testcase classname="tests.test_yahoo_adapter" name="test_warm_symbol_universe_is_a_no_op_and_never_raises" time="0.000" /><testcase classname="tests.test_yahoo_live_integration" name="test_real_yahoo_keyless_daily_fetch_returns_real_bars" time="0.000"><skipped type="pytest.skip" message="gated: set TAPEOLOGY_LIVE_INTEGRATION=1 to run the real Yahoo fetch check">/home/dennis-chan/Git/tapeology/apps/backend/tests/test_yahoo_live_integration.py:38: gated: set TAPEOLOGY_LIVE_INTEGRATION=1 to run the real Yahoo fetch check</skipped></testcase><testcase classname="tests.test_yahoo_live_integration" name="test_real_yahoo_all_six_era5_timeframes_fetch_within_real_retention" time="0.000"><skipped type="pytest.skip" message="gated: set TAPEOLOGY_LIVE_INTEGRATION=1 to run the real Yahoo fetch check">/home/dennis-chan/Git/tapeology/apps/backend/tests/test_yahoo_live_integration.py:38: gated: set TAPEOLOGY_LIVE_INTEGRATION=1 to run the real Yahoo fetch check</skipped></testcase><testcase classname="tests.test_yahoo_live_integration" name="test_real_yahoo_4h_equals_the_deterministic_resample_of_real_1h" time="0.000"><skipped type="pytest.skip" message="gated: set TAPEOLOGY_LIVE_INTEGRATION=1 to run the real Yahoo fetch check">/home/dennis-chan/Git/tapeology/apps/backend/tests/test_yahoo_live_integration.py:38: gated: set TAPEOLOGY_LIVE_INTEGRATION=1 to run the real Yahoo fetch check</skipped></testcase><testcase classname="tests.test_yahoo_live_integration" name="test_real_yahoo_out_of_retention_1m_window_raises_no_data_for_window" time="0.000"><skipped type="pytest.skip" message="gated: set TAPEOLOGY_LIVE_INTEGRATION=1 to run the real Yahoo fetch check">/home/dennis-chan/Git/tapeology/apps/backend/tests/test_yahoo_live_integration.py:38: gated: set TAPEOLOGY_LIVE_INTEGRATION=1 to run the real Yahoo fetch check</skipped></testcase><testcase classname="tests.test_yahoo_live_integration" name="test_real_yahoo_unsupported_8h_timeframe_raises_unsupported_timeframe" time="0.002"><skipped type="pytest.skip" message="gated: set TAPEOLOGY_LIVE_INTEGRATION=1 to run the real Yahoo fetch check">/home/dennis-chan/Git/tapeology/apps/backend/tests/test_yahoo_live_integration.py:38: gated: set TAPEOLOGY_LIVE_INTEGRATION=1 to run the real Yahoo fetch check</skipped></testcase></testsuite></testsuites>